<?xml version="1.0" encoding="utf-8"?><testsuites name="pytest tests"><testsuite name="pytest" errors="0" failures="44" skipped="4" tests="2214" time="3960.558" timestamp="2026-09-12T20:41:36.103960+01:00" hostname="DESKTOP-H1QMFF2"><testcase classname="" name="tests.test_morning_thesis_validator" time="0.000"><skipped message="collection skipped">('C:\\Users\\ACKVerissimo\\AVSHUNTER-Intelligence\\tests\\test_morning_thesis_validator.py', 11, 'Skipped: Legacy morning_thesis_validator was retired; production coverage lives in test_morning_gate_authority.py and test_morning_gate_contract_repair.py.')</skipped></testcase><testcase classname="tests.msi.test_computation.C01_QuoteArithmetic" name="test_both_sides_positive_mid_and_spread_pct" time="0.001" /><testcase classname="tests.msi.test_computation.C01_QuoteArithmetic" name="test_mid_null_when_bid_and_ask_both_absent" time="0.001" /><testcase classname="tests.msi.test_computation.C01_QuoteArithmetic" name="test_quote_change_code_does_not_exist_FINDING" time="0.003" /><testcase classname="tests.msi.test_computation.C01_QuoteArithmetic" name="test_shared_helper_used_by_chain_and_exact_quote_paths" time="0.011" /><testcase classname="tests.msi.test_computation.C01_QuoteArithmetic" name="test_spread_value_field_is_absent_from_the_schema_FINDING" time="0.001" /><testcase classname="tests.msi.test_computation.C01_QuoteArithmetic" name="test_zero_bid_positive_ask_is_one_sided_half_ask_mid" time="0.004" /><testcase classname="tests.msi.test_computation.C02_QuoteChangeEvidence" name="test_quote_change_computation_is_not_implemented_anywhere_NOT_IMPLEMENTED" time="0.001"><skipped type="pytest.skip" message="RETIRED (AVS-FIX-001 W0.3): asserted an absence now contradicted by contracts/quote_change_evidence.compare_exact_option_quotes">C:\Users\ACKVerissimo\AVSHUNTER-Intelligence\tests\msi\test_computation.py:190: RETIRED (AVS-FIX-001 W0.3): asserted an absence now contradicted by contracts/quote_change_evidence.compare_exact_option_quotes</skipped></testcase><testcase classname="tests.msi.test_computation.C03_VwapCanonical" name="test_premarket_excluded_and_regular_session_cumulative_vwap" time="0.046" /><testcase classname="tests.msi.test_computation.C03_VwapCanonical" name="test_vwap_provider_stored_separately_never_substitutes_canonical" time="0.018" /><testcase classname="tests.msi.test_computation.C04_BinWidth" name="test_hand_computed_atr14_two_tick_sizes" time="0.001" /><testcase classname="tests.msi.test_computation.C04_BinWidth" name="test_round_to_tick_rounds_to_nearest_not_floor" time="0.001" /><testcase classname="tests.msi.test_computation.C05C07_TpoAndVolumeAllocation" name="test_c05_tpo_participation_counts_one_per_period_per_bin" time="0.016" /><testcase classname="tests.msi.test_computation.C05C07_TpoAndVolumeAllocation" name="test_c06_value_area_expands_from_poc_to_next_higher_adjacent_count" time="0.008" /><testcase classname="tests.msi.test_computation.C05C07_TpoAndVolumeAllocation" name="test_c07_one_minute_cadence_is_labelled_one_minute_estimated" time="0.013" /><testcase classname="tests.msi.test_computation.C05C07_TpoAndVolumeAllocation" name="test_c07_volume_uniformly_allocated_across_touched_bins" time="0.010" /><testcase classname="tests.msi.test_computation.C08C09_AcceptanceAndRepair" name="test_c08_repair_pct_bands_intact_repairing_failed" time="0.034" /><testcase classname="tests.msi.test_computation.C08C09_AcceptanceAndRepair" name="test_c09_all_four_thresholds_pass_and_accepted_is_true" time="0.008" /><testcase classname="tests.msi.test_computation.C08C09_AcceptanceAndRepair" name="test_c09_one_threshold_failing_blocks_acceptance" time="0.010" /><testcase classname="tests.msi.test_computation.C10_EvidenceId" name="test_algorithm_matches_literal_sha256_design" time="0.007" /><testcase classname="tests.msi.test_computation.C10_EvidenceId" name="test_changed_parameter_set_version_changes_the_id" time="0.015" /><testcase classname="tests.msi.test_computation.C10_EvidenceId" name="test_dataset_id_order_matters_ordered_not_sorted" time="0.014" /><testcase classname="tests.msi.test_computation.C10_EvidenceId" name="test_identical_inputs_reproduce_the_same_id" time="0.014" /><testcase classname="tests.msi.test_computation.C11_Determinism" name="test_two_runs_are_identical_except_calculated_timestamp" time="0.015" /><testcase classname="tests.msi.test_computation.C12_ParamsWithinCalibrationRange" name="test_acceptance_minutes_within_20_to_60" time="0.001" /><testcase classname="tests.msi.test_computation.C12_ParamsWithinCalibrationRange" name="test_bin_divisor_within_25_to_60" time="0.001" /><testcase classname="tests.msi.test_computation.C12_ParamsWithinCalibrationRange" name="test_parameter_set_is_versioned" time="0.002" /><testcase classname="tests.msi.test_computation.C12_ParamsWithinCalibrationRange" name="test_peak_percentile_within_55_to_75_percent" time="0.001" /><testcase classname="tests.msi.test_computation.C12_ParamsWithinCalibrationRange" name="test_region_share_within_15_to_30_percent" time="0.001" /><testcase classname="tests.msi.test_computation.C12_ParamsWithinCalibrationRange" name="test_separation_within_020_to_050_atr" time="0.001" /><testcase classname="tests.msi.test_computation.C12_ParamsWithinCalibrationRange" name="test_valley_ratio_within_35_to_65_percent" time="0.001" /><testcase classname="tests.msi.test_flow" name="test_w01_option_sizes_propagation_chain" time="0.361"><failure message="AssertionError: if this fails, hydrate_selected_structure now propagates size fields and the W-01 finding below is stale&#10;assert ['live_contra...act_ask_size'] == []&#10;  &#10;  Left contains 2 more items, first extra item: 'live_contract_bid_size'&#10;  Use -v to get more diff">tmp_path = WindowsPath('C:/Users/ACKVerissimo/AppData/Local/Temp/pytest-of-ACKVerissimo/pytest-236/test_w01_option_sizes_propagat0')

    def test_w01_option_sizes_propagation_chain(tmp_path: Path) -&gt; None:
        """W-01 (SS9.1, SS18): bid_size/ask_size must survive EOD chain -&gt; CDS -&gt;
        selected contract/alternatives -&gt; persisted exact-contract observation -&gt;
        Lab book row (SS3.2 propagation list).
    
        This test walks the real propagation chain end to end and asserts at each
        stage whether the size fields are still present, so a break is caught by
        execution rather than inferred from a code read.
        """
        ticker = "MSIA"
    
        # Stage 1: MarketData chain parsing retains bid_size/ask_size (SS3.2 bullet 1-2).
        from canonical_data.marketdata_response import parse_marketdata_option_response
        chain = parse_marketdata_option_response(fixture("option_chain_list_sizes.json"), ticker=ticker)
        assert chain.iloc[0].bid_size == 12
        assert chain.iloc[0].ask_size == 9
    
        # Stage 2: CDS exact-contract observation persists sizes with lineage (SS3.2
        # "persist them in exact-contract observations").
        resolver, _lifecycle, session = _make_resolver(
            tmp_path, RUN_ID + "_W01", ticker, (DatasetType.EXACT_OPTION_QUOTE,), stage="MORNING_GATE",
        )
        symbol = "AAPL260918C00200000"  # must match the fixture's own optionSymbol
        observation = resolver.exact_option_quote(
            ticker=ticker, symbol=symbol, session_date=session, freshness_seconds=10**9,
            fetch=lambda t, occ: fixture("option_quote_scalar_ok.json"),
        )
        assert observation.payload["bid_size"] == 12
        assert observation.payload["ask_size"] == 9
        assert observation.dataset_id  # persisted, immutable dataset identity
    
        # Stage 3: morning_gate's own CDS capture round-trip (mirrors
        # morning_gate.py:_capture_msi_market_observations) keeps sizes on the
        # in-memory `live` record it builds for the trade row.
        class _Resolver:
            def exact_option_quote(self, **kwargs):
                raw = kwargs["fetch"](kwargs["ticker"], kwargs["symbol"])
                assert raw["bidSize"] == [7]
                assert raw["askSize"] == [4]
                return type("R", (), {
                    "payload": {"bid_size": 7, "ask_size": 4,
                                "bid_size_quality": "OBSERVED_POSITIVE",
                                "ask_size_quality": "OBSERVED_POSITIVE",
                                "quote_quality": "TWO_SIDED"},
                    "dataset_id": "MSIA-DATASET", "resolution": "PROVIDER_FETCH",
                })()
    
            def underlying_nbbo(self, **kwargs):
                raw = kwargs["fetch"](kwargs["ticker"])
                return type("R", (), {"payload": {"mid": 50.0, "depth_level": "NBBO_ONLY"},
                                       "dataset_id": "MSIA-NBBO", "resolution": "PROVIDER_FETCH"})()
    
        live = {
            "live_contract_symbol": symbol, "live_contract_bid": 1.0, "live_contract_ask": 1.2,
            "live_contract_mid": 1.1, "live_contract_bid_size": 7, "live_contract_ask_size": 4,
            "live_contract_provider_updated": "2026-08-30T13:00:00+00:00",
            "live_options_fetched_at": "2026-08-30T13:00:00+00:00",
            "underlying_bid": 49.9, "underlying_ask": 50.1,
            "underlying_bid_size": 100, "underlying_ask_size": 120,
            "underlying_quote_updated": "2026-08-30T13:00:00+00:00",
        }
        morning_gate._capture_msi_market_observations(
            {"ticker": ticker, "thesis_id": "T1", "trade_idea_id": "I1", "selected_structure_id": "S1"},
            live, _Resolver(), session,
        )
        assert live["live_contract_bid_size"] == 7
        assert live["contract_bid_size_quality"] == "OBSERVED_POSITIVE"
    
        # Stage 4: selected-contract economics hydration (contracts/selected_contract_economics.py
        # ::hydrate_selected_structure, lines ~212-241 _quote_record / ~254-385) --
        # this is the "selected contract" and "alternatives" step in SS3.2.
        def fetch_contract(_symbol: str):
            return {
                "live_contract_bid": 1.0, "live_contract_ask": 1.2, "live_contract_mid": 1.1,
                "live_contract_bid_size": 7, "live_contract_ask_size": 4,  # as morning_gate would pass
                "live_options_source": "MARKETDATA",
                "live_contract_provider_updated": "2026-08-30T13:00:00+00:00",
                "live_options_fetched_at": "2026-08-30T13:00:00+00:00",
            }
        hydrated = sce.hydrate_selected_structure(
            symbol, fetch_contract, ticker=ticker, direction="CALL",
        )
        assert hydrated["selected_structure_hydration_status"] == "COMPLETE"
        size_bearing_keys = [k for k in hydrated if "bid_size" in k or "ask_size" in k]
        # FINDING: hydrate_selected_structure's _quote_record only extracts a fixed
        # set of named fields (bid/ask/mid/iv/delta/gamma/theta/vega/oi/volume/...)
        # and never reads live_contract_bid_size / live_contract_ask_size, so the
        # size fields that reached `live` in Stage 3 are dropped at this exact step.
&gt;       assert size_bearing_keys == [], (
            "if this fails, hydrate_selected_structure now propagates size fields "
            "and the W-01 finding below is stale"
        )
E       AssertionError: if this fails, hydrate_selected_structure now propagates size fields and the W-01 finding below is stale
E       assert ['live_contra...act_ask_size'] == []
E         
E         Left contains 2 more items, first extra item: 'live_contract_bid_size'
E         Use -v to get more diff

tests\msi\test_flow.py:228: AssertionError</failure></testcase><testcase classname="tests.msi.test_flow" name="test_w02_cached_rerun_zero_physical_calls" time="0.467" /><testcase classname="tests.msi.test_flow" name="test_w03_morning_gate_cds_then_atomic_handoff" time="0.768" /><testcase classname="tests.msi.test_flow" name="test_w04_contract_replacement_refetches_every_leg" time="0.006" /><testcase classname="tests.msi.test_flow" name="test_w05_stale_interpreter_request_fails_closed_no_refresh_executed" time="0.125"><failure message="Failed: DID NOT RAISE EvidenceResolutionError">tmp_path = WindowsPath('C:/Users/ACKVerissimo/AppData/Local/Temp/pytest-of-ACKVerissimo/pytest-236/test_w05_stale_interpreter_req0')

    def test_w05_stale_interpreter_request_fails_closed_no_refresh_executed(tmp_path: Path) -&gt; None:
        """W-05 (SS9.3, SS18, SS20(5)): a stale Interpreter request during market
        hours should trigger exactly one narrow CDS exact-contract refresh, a new
        bundle_id, and an overlay written to lab_evidence_overlay_v1.jsonl, with
        the accepted book left unchanged.
    
        Finding executed here: resolve_interpreter_evidence() only *detects*
        staleness and fails closed with EVIDENCE_REFRESH_REQUIRED (or, with
        require_current=False, returns a declarative refresh_required object with
        provider_calls_made == 0). No production code path was found (exhaustive
        grep for `refresh_required` usage across the repo) that consumes this
        object to actually call CDS, mint a new bundle_id, or append an overlay.
        The design's SS9.3 steps 5-8 refresh loop is therefore NOT_IMPLEMENTED;
        the fail-closed half (steps that must not silently substitute stale data)
        is what this test proves.
        """
        manifest, bundle = _handoff_fixture(tmp_path, ticker="MSIE", freshness="STALE")
        book_hash_before = _sha(tmp_path / RUN_ID_HANDOFF / "intelligence_lab" / "lab_signal_book_v3.csv")
    
&gt;       with pytest.raises(EvidenceResolutionError) as excinfo:
             ^^^^^^^^^^^^^^^^^^^^^^^^^^^^^^^^^^^^^^
E       Failed: DID NOT RAISE EvidenceResolutionError

tests\msi\test_flow.py:478: Failed</failure></testcase><testcase classname="tests.msi.test_flow" name="test_w06_fresh_bundle_within_ttl_makes_no_provider_request" time="0.115" /><testcase classname="tests.msi.test_flow" name="test_w07_overlay_and_bundle_quote_change_fields_are_contract_symmetric" time="0.153"><failure message="AssertionError: assert 'current_contract_bid' in {'ask_change': None, 'ask_change_pct': None, 'ask_size_change': None, 'bid_change': None, ...}">tmp_path = WindowsPath('C:/Users/ACKVerissimo/AppData/Local/Temp/pytest-of-ACKVerissimo/pytest-236/test_w07_overlay_and_bundle_qu0')

    def test_w07_overlay_and_bundle_quote_change_fields_are_contract_symmetric(tmp_path: Path) -&gt; None:
        """W-07 (SS11, SS18): refreshed bid/ask/spread changes must be identical
        in the Lab overlay and the Interpreter bundle for the same bundle_id.
    
        No code computes a live quote-change refresh (see W-05 finding), so this
        test verifies the data-contract symmetry that any future refresh
        implementation is constrained to: the same allow-listed field names,
        written through the overlay applier, appear byte-identical in the
        bundle's quote_change_evidence when the underlying row carries them. This
        is PARTIAL evidence -- contract-level only, not a live refresh.
        """
        run_id = RUN_ID + "_W07"
        quote_change_fields = {
            "morning_contract_bid": 1.10, "morning_contract_ask": 1.30, "morning_contract_mid": 1.20,
            "current_contract_bid": 1.25, "current_contract_ask": 1.45, "current_contract_mid": 1.35,
            "contract_bid_change": 0.15, "contract_ask_change": 0.15, "contract_mid_change": 0.15,
            "contract_spread_change_pp": 0.0, "comparison_status": "SAME_CONTRACT",
        }
        governed_row = {
            "run_id": run_id, "pipeline_mode": "MORNING_VALIDATION", "ticker": "MSIG",
            "thesis_id": "T-MSIG", "trade_idea_id": "I-MSIG", "selected_structure_id": "S-MSIG",
            "selected_contract_symbol": "MSIG260918C00100000", "selected_quote_snapshot_id": "Q-MSIG",
            "governed_direction": "CALL", "thesis_state": "TRADEABLE_NOW",
            "olm_guard_disposition": "ELIGIBLE", "final_action": "BUY_NOW",
            "capital_permission": "CAPITAL_ALLOWED",
            **quote_change_fields,
        }
        result = materialize_interpreter_handoff(
            run_id=run_id, rows=[governed_row], run_root=tmp_path / run_id,
            pipeline_mode="MORNING_VALIDATION", session_date="2026-08-30",
            run_kind="PRODUCTION", run_status="ACCEPTED",
            required_stage_status={"MORNING_GATE": "COMPLETED"},
            morning_gate_completed_utc="2026-08-30T13:45:00+00:00",
        )
        validated = validate_handoff_manifest(result["handoff_manifest_path"])
        bundle = validated.bundles[0]
    
        overlay = build_overlay(
            run_id=run_id, ticker="MSIG", bundle_id=bundle["bundle_id"],
            fields={k: v for k, v in quote_change_fields.items() if k in OVERLAY_ALLOWED_FIELDS},
            source="test",
        )
        lab_row = {**governed_row, "bundle_id": bundle["bundle_id"]}
        merged = apply_latest_compatible_overlays([lab_row], [overlay])[0]
    
        for field in ("current_contract_bid", "current_contract_ask", "contract_bid_change"):
&gt;           assert field in bundle["quote_change_evidence"]
E           AssertionError: assert 'current_contract_bid' in {'ask_change': None, 'ask_change_pct': None, 'ask_size_change': None, 'bid_change': None, ...}

tests\msi\test_flow.py:557: AssertionError</failure></testcase><testcase classname="tests.msi.test_flow" name="test_w08_atomic_handoff_publication_and_rejections" time="0.269" /><testcase classname="tests.msi.test_flow" name="test_w09_resolve_interpreter_evidence_identity_and_required_fields" time="0.140" /><testcase classname="tests.msi.test_flow" name="test_w10_loose_files_and_recency_scans_cannot_override_manifest" time="0.200" /><testcase classname="tests.msi.test_flow" name="test_w11_session_run_id_from_manifest_and_independent_reconciliation" time="0.193" /><testcase classname="tests.msi.test_flow" name="test_w12_overlay_allow_list_rejects_authority_fields" time="0.008" /><testcase classname="tests.msi.test_flow" name="test_w13_msi_reconcile_blocks_publication_on_mismatch_and_is_invoked" time="0.967" /><testcase classname="tests.msi.test_flow" name="test_w14_no_production_interpreter_path_reaches_a_provider" time="0.445" /><testcase classname="tests.msi.test_flow" name="test_w15_ticker_command_does_not_rerun_direction_or_contract_selection" time="0.002" /><testcase classname="tests.msi.test_flow" name="test_w16_command_disposition" time="0.605" /><testcase classname="tests.msi.test_flow" name="test_w17_screenshot_lane_not_activated" time="0.002"><skipped type="pytest.skip" message="NOT_ACTIVATED: MSI_SCREEN_ADAPTER=false in config/msi_runtime.json; screenshot lane is not live in this deployment state per SS19 MSI-7b phasing.">C:\Users\ACKVerissimo\AVSHUNTER-Intelligence\tests\msi\test_flow.py:993: NOT_ACTIVATED: MSI_SCREEN_ADAPTER=false in config/msi_runtime.json; screenshot lane is not live in this deployment state per SS19 MSI-7b phasing.</skipped></testcase><testcase classname="tests.msi.test_flow" name="test_w18_macro_consumed_only_via_bundle_reference" time="0.037" /><testcase classname="tests.msi.test_flow" name="test_w19_request_coalescing_lock_and_budget_config_not_implemented" time="0.767" /><testcase classname="tests.msi.test_flow" name="test_w20_dropped_ticker_generates_zero_downstream_calls" time="0.385" /><testcase classname="tests.msi.test_functionality.F01ChainParserSizes" name="test_bid_ask_size_retained_from_chain_fixture" time="0.007" /><testcase classname="tests.msi.test_functionality.F01ChainParserSizes" name="test_compatible_parallel_arrays_parse" time="0.005" /><testcase classname="tests.msi.test_functionality.F01ChainParserSizes" name="test_incompatible_parallel_array_length_is_rejected" time="0.002" /><testcase classname="tests.msi.test_functionality.F02ExactQuoteParserSizes" name="test_exact_quote_retains_sizes" time="0.006" /><testcase classname="tests.msi.test_functionality.F03ProviderFixtureCategories" name="test_error_category_BLOCKED" time="0.001"><skipped type="pytest.skip" message="BLOCKED - MSI-0 fixture missing: none of the 5 recorded fixtures under tests/fixtures/marketdata/ represents a provider ERROR response shape (e.g. s='error'). Per design §16.1 this category is required before provider-adapter activation. Reported as a finding against MSI-0, not faked with a fabricated fixture.">C:\Users\ACKVerissimo\AVSHUNTER-Intelligence\tests\msi\test_functionality.py:207: BLOCKED - MSI-0 fixture missing: none of the 5 recorded fixtures under tests/fixtures/marketdata/ represents a provider ERROR response shape (e.g. s='error'). Per design §16.1 this category is required before provider-adapter activation. Reported as a finding against MSI-0, not faked with a fabricated fixture.</skipped></testcase><testcase classname="tests.msi.test_functionality.F03ProviderFixtureCategories" name="test_missing_field_category_key_entirely_absent" time="0.004" /><testcase classname="tests.msi.test_functionality.F03ProviderFixtureCategories" name="test_missing_field_category_null_within_array" time="0.003" /><testcase classname="tests.msi.test_functionality.F03ProviderFixtureCategories" name="test_no_data_category" time="0.004" /><testcase classname="tests.msi.test_functionality.F03ProviderFixtureCategories" name="test_ok_and_parallel_array_category" time="0.003" /><testcase classname="tests.msi.test_functionality.F03ProviderFixtureCategories" name="test_scalar_category" time="0.004" /><testcase classname="tests.msi.test_functionality.F04SizeQuality" name="test_negative_size_never_surfaces_INVALID_SIZE_label" time="0.001" /><testcase classname="tests.msi.test_functionality.F04SizeQuality" name="test_negative_size_rejects_the_observation" time="0.002" /><testcase classname="tests.msi.test_functionality.F04SizeQuality" name="test_null_size_is_missing" time="0.006" /><testcase classname="tests.msi.test_functionality.F04SizeQuality" name="test_positive_size_label_matches_design_enum_OBSERVED" time="0.005"><failure message="AssertionError: 'OBSERVED_POSITIVE' != 'OBSERVED'&#10;- OBSERVED_POSITIVE&#10;+ OBSERVED">self = &lt;test_functionality.F04SizeQuality testMethod=test_positive_size_label_matches_design_enum_OBSERVED&gt;

    def test_positive_size_label_matches_design_enum_OBSERVED(self):
        """Design §24 defines the positive-size enum value as literally
        'OBSERVED'. The actual code (canonical_data/marketdata_response.py:51
        and canonical_data/market_observation_resolver.py:75) emits
        'OBSERVED_POSITIVE' instead, in every call site repo-wide (also
        scripts/avshunter_options_intelligence.py:1492,1501,2530,2531). This
        assertion is written against the design's literal value and is
        expected to fail for real, which is itself the evidence."""
        frame = parse_marketdata_option_response(
            fixture("option_chain_list_sizes.json"), ticker="AAPL"
        )
&gt;       self.assertEqual(frame.iloc[0]["bid_size_quality"], "OBSERVED")
E       AssertionError: 'OBSERVED_POSITIVE' != 'OBSERVED'
E       - OBSERVED_POSITIVE
E       + OBSERVED

tests\msi\test_functionality.py:269: AssertionError</failure></testcase><testcase classname="tests.msi.test_functionality.F04SizeQuality" name="test_zero_size_is_observed_zero" time="0.006" /><testcase classname="tests.msi.test_functionality.F05CrossedAndZeroBidQuotes" name="test_crossed_quote_is_flagged_not_accepted_as_normal" time="0.009" /><testcase classname="tests.msi.test_functionality.F05CrossedAndZeroBidQuotes" name="test_crossed_quote_quality_label_matches_design_enum_CROSSED" time="0.004"><failure message="AssertionError: 'INVALID' != 'CROSSED'&#10;- INVALID&#10;+ CROSSED">self = &lt;test_functionality.F05CrossedAndZeroBidQuotes testMethod=test_crossed_quote_quality_label_matches_design_enum_CROSSED&gt;

    def test_crossed_quote_quality_label_matches_design_enum_CROSSED(self):
        """Design §24 Quote-quality enum names CROSSED as the value for this
        case (and the assignment's own F-05 instruction states this
        literally). The actual code
        (canonical_data/marketdata_response.py:_quote, line 79) sets
        quality = 'INVALID' for bid &gt; ask, never 'CROSSED'. The implementer's
        own regression suite codifies 'INVALID' as the expected value
        (tests/test_msi_agent1_data_foundation.py:52), corroborating that
        this is a real, intentional deviation from the design's literal enum
        value, not a copy/paste slip. This assertion is written against the
        design and is expected to fail for real."""
        frame = parse_marketdata_option_response(
            fixture("option_quote_crossed.json"), ticker="AAPL"
        )
&gt;       self.assertEqual(frame.iloc[0]["quote_quality"], "CROSSED")
E       AssertionError: 'INVALID' != 'CROSSED'
E       - INVALID
E       + CROSSED

tests\msi\test_functionality.py:332: AssertionError</failure></testcase><testcase classname="tests.msi.test_functionality.F05CrossedAndZeroBidQuotes" name="test_design_sections_8_2_and_18_are_not_actually_contradictory" time="0.005" /><testcase classname="tests.msi.test_functionality.F05CrossedAndZeroBidQuotes" name="test_zero_bid_positive_ask_is_one_sided_and_non_executable" time="0.006" /><testcase classname="tests.msi.test_functionality.F06OccNormaliser" name="test_adjusted_root_remains_distinct" time="0.002" /><testcase classname="tests.msi.test_functionality.F06OccNormaliser" name="test_all_vectors_normalise_to_themselves" time="0.004" /><testcase classname="tests.msi.test_functionality.F06OccNormaliser" name="test_provider_prefixed_and_space_padded_match" time="0.004" /><testcase classname="tests.msi.test_functionality.F07SingleOccNormaliserOwner" name="test_contract_reference_aliases_option_identity" time="0.001" /><testcase classname="tests.msi.test_functionality.F07SingleOccNormaliserOwner" name="test_selected_contract_economics_REIMPLEMENTS_rather_than_aliases" time="0.002" /><testcase classname="tests.msi.test_functionality.F07SingleOccNormaliserOwner" name="test_two_normalisers_can_behave_differently_on_the_same_input" time="0.002" /><testcase classname="tests.msi.test_functionality.F08UnderlyingNbboSizeFields" name="test_morning_gate_extraction_drops_the_computed_sizes" time="0.316" /><testcase classname="tests.msi.test_functionality.F08UnderlyingNbboSizeFields" name="test_no_producer_anywhere_writes_the_canonical_field_names" time="30.015"><failure message="AssertionError: Lists differ: ['morning_gate.py', 'contracts/lab_control.[177 chars].py'] != ['contracts/lab_evidence_overlay.py']&#10;&#10;First differing element 0:&#10;'morning_gate.py'&#10;'contracts/lab_evidence_overlay.py'&#10;&#10;First list contains 5 additional elements.&#10;First extra element 1:&#10;'contracts/lab_control.py'&#10;&#10;- ['morning_gate.py',&#10;-  'contracts/lab_control.py',&#10;-  'contracts/lab_evidence_overlay.py',&#10;? ^                                   ^&#10;&#10;+ ['contracts/lab_evidence_overlay.py']&#10;? ^                                   ^&#10;&#10;-  'tools/msi_production_readiness.py',&#10;-  'worker3/adapters/quote_fields.py',&#10;-  'audit/pipeline_map/AVS-RCA-002/A_scripts/a3b_lineage_boundary.py'] : expected the canonical underlying_nbbo_bid[_size] name to appear only in the overlay allow-list; found in: ['morning_gate.py', 'contracts/lab_control.py', 'contracts/lab_evidence_overlay.py', 'tools/msi_production_readiness.py', 'worker3/adapters/quote_fields.py', 'audit/pipeline_map/AVS-RCA-002/A_scripts/a3b_lineage_boundary.py']">self = &lt;test_functionality.F08UnderlyingNbboSizeFields testMethod=test_no_producer_anywhere_writes_the_canonical_field_names&gt;

    def test_no_producer_anywhere_writes_the_canonical_field_names(self):
        """Repo-wide check: 'underlying_nbbo_bid_size'/'underlying_nbbo_ask_size'
        (and even 'underlying_nbbo_bid'/'underlying_nbbo_ask' without size)
        appear in exactly one place in the entire non-backup .py tree: the
        ALLOW-LIST in contracts/lab_evidence_overlay.py (lines 22-27) which
        only declares the name as a field an overlay COULD legally carry.
        No producer anywhere actually sets that key on any dict, row or
        overlay. This walks every non-backup .py file directly (no shell
        grep) so the result is reproducible in-process."""
        needle_size = "underlying_nbbo_bid_size"
        needle_bid = "underlying_nbbo_bid"
        hits = []
        for path in REPO_ROOT.rglob("*.py"):
            text_parts = path.parts
            if "backups" in text_parts or "venv" in text_parts or "__pycache__" in text_parts:
                continue
            if "_cleanup_holding" in text_parts:
                continue
            if "tests" in text_parts:
                # This is a PRODUCTION-code check. Test files (this one
                # included, and sibling MSI test packs written by other
                # agents in the same audit) legitimately discuss the
                # canonical field name in prose/docstrings and assertions;
                # they are not producers.
                continue
            try:
                content = path.read_text(encoding="utf-8", errors="ignore")
            except OSError:
                continue
            if needle_size in content or needle_bid in content:
                hits.append(str(path.relative_to(REPO_ROOT)).replace("\\", "/"))
&gt;       self.assertEqual(
            hits,
            ["contracts/lab_evidence_overlay.py"],
            f"expected the canonical underlying_nbbo_bid[_size] name to appear "
            f"only in the overlay allow-list; found in: {hits}",
        )
E       AssertionError: Lists differ: ['morning_gate.py', 'contracts/lab_control.[177 chars].py'] != ['contracts/lab_evidence_overlay.py']
E       
E       First differing element 0:
E       'morning_gate.py'
E       'contracts/lab_evidence_overlay.py'
E       
E       First list contains 5 additional elements.
E       First extra element 1:
E       'contracts/lab_control.py'
E       
E       - ['morning_gate.py',
E       -  'contracts/lab_control.py',
E       -  'contracts/lab_evidence_overlay.py',
E       ? ^                                   ^
E       
E       + ['contracts/lab_evidence_overlay.py']
E       ? ^                                   ^
E       
E       -  'tools/msi_production_readiness.py',
E       -  'worker3/adapters/quote_fields.py',
E       -  'audit/pipeline_map/AVS-RCA-002/A_scripts/a3b_lineage_boundary.py'] : expected the canonical underlying_nbbo_bid[_size] name to appear only in the overlay allow-list; found in: ['morning_gate.py', 'contracts/lab_control.py', 'contracts/lab_evidence_overlay.py', 'tools/msi_production_readiness.py', 'worker3/adapters/quote_fields.py', 'audit/pipeline_map/AVS-RCA-002/A_scripts/a3b_lineage_boundary.py']

tests\msi\test_functionality.py:540: AssertionError</failure></testcase><testcase classname="tests.msi.test_functionality.F08UnderlyingNbboSizeFields" name="test_resolver_normaliser_computes_sizes_but_under_generic_names" time="0.001" /><testcase classname="tests.msi.test_functionality.F08UnderlyingNbboSizeFields" name="test_resolver_normaliser_rejects_raw_epoch_seconds_updated_field" time="0.001" /><testcase classname="tests.msi.test_functionality.F09SessionClock" name="test_all_outputs_are_utc" time="0.002" /><testcase classname="tests.msi.test_functionality.F09SessionClock" name="test_dst_transition_shifts_utc_open_by_one_hour" time="0.001" /><testcase classname="tests.msi.test_functionality.F09SessionClock" name="test_early_close_day_1300_et" time="0.001" /><testcase classname="tests.msi.test_functionality.F09SessionClock" name="test_known_nyse_holiday" time="0.001" /><testcase classname="tests.msi.test_functionality.F09SessionClock" name="test_last_completed_session_on_holiday" time="0.001" /><testcase classname="tests.msi.test_functionality.F09SessionClock" name="test_last_completed_session_on_weekend" time="0.001" /><testcase classname="tests.msi.test_functionality.F09SessionClock" name="test_premarket_regular_after_hours_boundaries" time="0.001" /><testcase classname="tests.msi.test_functionality.F10FreshnessBySessionState" name="test_eod_current_when_market_closed_covers_last_completed_session" time="0.001" /><testcase classname="tests.msi.test_functionality.F10FreshnessBySessionState" name="test_evaluate_freshness_has_zero_production_callers" time="28.261"><failure message="AssertionError: Lists differ: ['canonical_data\\bundle_freshness.py', 'contracts\\quote_change_evidence.py'] != []&#10;&#10;First list contains 2 additional elements.&#10;First extra element 0:&#10;'canonical_data\\bundle_freshness.py'&#10;&#10;- ['canonical_data\\bundle_freshness.py', 'contracts\\quote_change_evidence.py']&#10;+ [] : expected zero production callers of evaluate_freshness(); found: ['canonical_data\\bundle_freshness.py', 'contracts\\quote_change_evidence.py']">self = &lt;test_functionality.F10FreshnessBySessionState testMethod=test_evaluate_freshness_has_zero_production_callers&gt;

    def test_evaluate_freshness_has_zero_production_callers(self):
        """Integration-gap finding, verified by direct in-process file scan
        (not shell grep): evaluate_freshness is only referenced by its own
        definition, canonical_data/__init__.py's re-export, and the
        implementer's own test file. No production consumer
        (morning_gate.py, pipeline_interpreter/evidence_resolver.py,
        contracts/interpreter_handoff_materializer.py, etc.) calls it, and no
        production code anywhere assigns a 'freshness_map' key (the field
        design §8.7 requires on every bundle) -- evidence_resolver.py only
        ever READS bundle.get('freshness_map'). This means §7's session-aware
        freshness policy exists as a correct, independently-testable
        function (see the three tests above) but is not wired into the
        pipeline that actually produces bundles."""
        callers = []
        for path in REPO_ROOT.rglob("*.py"):
            parts = path.parts
            if "backups" in parts or "venv" in parts or "__pycache__" in parts or "_cleanup_holding" in parts:
                continue
            if path.name in {"session_clock.py", "__init__.py"} and path.parent.name == "canonical_data":
                continue
            if path.parts[-2:] == ("tests", "test_msi_agent1_data_foundation.py")[:1] + (path.name,):
                pass
            try:
                content = path.read_text(encoding="utf-8", errors="ignore")
            except OSError:
                continue
            if "evaluate_freshness(" in content:
                callers.append(str(path.relative_to(REPO_ROOT)))
        self_path = Path(__file__).resolve()
        non_test_callers = [
            c for c in callers
            if not c.replace("\\", "/").startswith("tests/")
            and (REPO_ROOT / c).resolve() != self_path
        ]
&gt;       self.assertEqual(
            non_test_callers, [],
            f"expected zero production callers of evaluate_freshness(); found: {non_test_callers}",
        )
E       AssertionError: Lists differ: ['canonical_data\\bundle_freshness.py', 'contracts\\quote_change_evidence.py'] != []
E       
E       First list contains 2 additional elements.
E       First extra element 0:
E       'canonical_data\\bundle_freshness.py'
E       
E       - ['canonical_data\\bundle_freshness.py', 'contracts\\quote_change_evidence.py']
E       + [] : expected zero production callers of evaluate_freshness(); found: ['canonical_data\\bundle_freshness.py', 'contracts\\quote_change_evidence.py']

tests\msi\test_functionality.py:781: AssertionError</failure></testcase><testcase classname="tests.msi.test_functionality.F10FreshnessBySessionState" name="test_live_domain_becomes_stale_beyond_seed_ttl_during_market_hours" time="0.004" /><testcase classname="tests.msi.test_functionality.F10FreshnessBySessionState" name="test_live_domain_is_fresh_within_seed_ttl" time="0.003" /><testcase classname="tests.msi.test_functionality.F10FreshnessBySessionState" name="test_missing_observation_is_missing" time="0.003" /><testcase classname="tests.msi.test_functionality.F11IdempotentRegistration" name="test_chain_registration_is_idempotent_for_identical_content" time="0.940" /><testcase classname="tests.msi.test_functionality.F11IdempotentRegistration" name="test_changed_content_creates_new_id_and_does_not_overwrite" time="0.200" /><testcase classname="tests.msi.test_functionality.F11IdempotentRegistration" name="test_exact_quote_content_hash_embeds_run_id_breaking_cross_run_idempotency" time="1.502" /><testcase classname="tests.msi.test_functionality.F11IdempotentRegistration" name="test_resolver_reuses_chain_without_refetch_for_same_scope" time="0.955" /><testcase classname="tests.msi.test_functionality.F12WorklistBlocking" name="test_unregistered_ticker_is_blocked_ledger_records_it_no_fetch" time="0.311" /><testcase classname="tests.msi.test_functionality.F12WorklistBlocking" name="test_worklisted_ticker_not_in_stage_worklist_table_is_blocked" time="0.626" /><testcase classname="tests.msi.test_functionality.F13EnumAudit" name="test_assessment_matches_exactly" time="0.003" /><testcase classname="tests.msi.test_functionality.F13EnumAudit" name="test_freshness_matches_exactly" time="0.003" /><testcase classname="tests.msi.test_functionality.F13EnumAudit" name="test_handoff_matches_exactly" time="0.003" /><testcase classname="tests.msi.test_functionality.F13EnumAudit" name="test_quote_quality_values_deviate_from_design_enum" time="0.012" /><testcase classname="tests.msi.test_functionality.F13EnumAudit" name="test_run_kind_matches_exactly" time="0.003" /><testcase classname="tests.msi.test_functionality.F13EnumAudit" name="test_run_status_matches_exactly" time="0.004" /><testcase classname="tests.msi.test_functionality.F13EnumAudit" name="test_size_quality_has_NO_owning_enum_module" time="79.581" /><testcase classname="tests.msi.test_functionality.F13EnumAudit" name="test_structure_lifecycle_and_relationship_have_no_owning_enum_class" time="72.716" /><testcase classname="tests.msi.test_functionality.F13EnumAudit" name="test_structure_lifecycle_introduces_undeclared_MS_NONE_value" time="0.005" /><testcase classname="tests.msi.test_functionality.F14MsPrefixDiscipline" name="test_every_field_is_ms_prefixed_or_identity_lineage" time="0.293" /><testcase classname="tests.msi.test_functionality.F14MsPrefixDiscipline" name="test_no_unqualified_forbidden_field_names" time="0.129" /><testcase classname="tests.msi.test_functionality.F15PersistedPrecision" name="test_mid_price_is_NOT_rounded_to_four_decimal_places" time="0.011" /><testcase classname="tests.msi.test_functionality.F15PersistedPrecision" name="test_repair_pct_ratio_is_bounded_0_to_1" time="0.150" /><testcase classname="tests.msi.test_functionality.F15PersistedPrecision" name="test_sizes_are_python_int" time="0.024" /><testcase classname="tests.msi.test_functionality.F15PersistedPrecision" name="test_timestamps_are_iso8601_utc_to_the_second" time="0.016" /><testcase classname="tests.msi.test_functionality.F15PersistedPrecision" name="test_underlying_nbbo_normaliser_DOES_round_to_four_decimals" time="0.005" /><testcase classname="tests.msi.test_logic.TestL01QuoteChangeComparison" name="test_no_active_module_computes_comparison_status" time="0.009" /><testcase classname="tests.msi.test_logic.TestL01QuoteChangeComparison" name="test_bundle_pass_through_does_not_compute_anything" time="0.441"><failure message="AssertionError: Expected S8.8 to always populate comparison_status as one of the five enumerated states even with no upstream quote-change data (BASELINE_MISSING at minimum). Found an empty dict: no active module computes quote_change_evidence at all.&#10;assert {'ask_change'...e': None, ...} == {}&#10;  &#10;  Left contains 37 more items:&#10;  {'ask_change': None,&#10;   'ask_change_pct': None,&#10;   'ask_size_change': None,&#10;   'bid_change': None,&#10;   'bid_change_pct': None,...&#10;  &#10;  ...Full output truncated (33 lines hidden), use '-vv' to show">self = &lt;test_logic.TestL01QuoteChangeComparison object at 0x000002C879C59E50&gt;
tmp_path = WindowsPath('C:/Users/ACKVerissimo/AppData/Local/Temp/pytest-of-ACKVerissimo/pytest-236/test_bundle_pass_through_does_0')

    def test_bundle_pass_through_does_not_compute_anything(self, tmp_path: Path) -&gt; None:
        """L-01 / S8.8, executed. A row with NO quote-change fields at all
        produces bundle['quote_change_evidence'] == {} -- not `comparison_status:
        null` (BASELINE_MISSING) and not any of the five required states.
        This contradicts S8.8's requirement that comparison_status is always
        one of SAME_CONTRACT/CONTRACT_CHANGED/BASELINE_MISSING/CURRENT_MISSING
        /STALE. Verdict: NOT_IMPLEMENTED -- no active module derives this
        field; interpreter_handoff_materializer.py's _bundle() only forwards
        pre-existing keys (`if key in row`), never computes them.
        """
        row = _governed_row()  # no morning_contract_bid / comparison_status / etc.
        result = _publish_handoff(tmp_path, rows=[row])
        bundle = json.loads(Path(result["bundle_path"]).read_text(encoding="utf-8").splitlines()[0])
&gt;       assert bundle["quote_change_evidence"] == {}, (
            "Expected S8.8 to always populate comparison_status as one of the "
            "five enumerated states even with no upstream quote-change data "
            "(BASELINE_MISSING at minimum). Found an empty dict: no active "
            "module computes quote_change_evidence at all."
        )
E       AssertionError: Expected S8.8 to always populate comparison_status as one of the five enumerated states even with no upstream quote-change data (BASELINE_MISSING at minimum). Found an empty dict: no active module computes quote_change_evidence at all.
E       assert {'ask_change'...e': None, ...} == {}
E         
E         Left contains 37 more items:
E         {'ask_change': None,
E          'ask_change_pct': None,
E          'ask_size_change': None,
E          'bid_change': None,
E          'bid_change_pct': None,...
E         
E         ...Full output truncated (33 lines hidden), use '-vv' to show

tests\msi\test_logic.py:210: AssertionError</failure></testcase><testcase classname="tests.msi.test_logic.TestL01QuoteChangeComparison" name="test_bundle_forwards_precomputed_fields_verbatim_no_recomputation" time="0.434"><failure message="AssertionError: assert 'BASELINE_MISSING' == 'SAME_CONTRACT'&#10;  &#10;  - SAME_CONTRACT&#10;  + BASELINE_MISSING">self = &lt;test_logic.TestL01QuoteChangeComparison object at 0x000002C879BED5B0&gt;
tmp_path = WindowsPath('C:/Users/ACKVerissimo/AppData/Local/Temp/pytest-of-ACKVerissimo/pytest-236/test_bundle_forwards_precomput0')

    def test_bundle_forwards_precomputed_fields_verbatim_no_recomputation(self, tmp_path: Path) -&gt; None:
        """L-01 / S8.8, executed. Even when a row *does* carry quote-change
        fields, the materializer forwards them byte-for-byte without
        validating comparison_status against the actual contract-identity/
        baseline state (e.g. a `current_contract_bid == 0.0` here should, per
        S8.8, force `change_status = BASELINE_ZERO` on percentage fields --
        nothing in the bundle enforces or recomputes that). This shows the
        field is trusted input, not a governed calculation.
        """
        row = _governed_row(
            run_id="RUN1B",
            ticker="DDD",
            selected_contract_symbol="DDD260918C00100000",
            morning_contract_bid=1.20,
            morning_contract_ask=1.40,
            morning_contract_mid=1.30,
            current_contract_bid=0.0,
            current_contract_ask=0.10,
            current_contract_mid=0.05,
            contract_bid_change=-1.20,
            contract_mid_change=-1.25,
            comparison_status="SAME_CONTRACT",
        )
        result = _publish_handoff(tmp_path, run_id="RUN1B", rows=[row])
        bundle = json.loads(Path(result["bundle_path"]).read_text(encoding="utf-8").splitlines()[0])
        evidence = bundle["quote_change_evidence"]
&gt;       assert evidence["comparison_status"] == "SAME_CONTRACT"
E       AssertionError: assert 'BASELINE_MISSING' == 'SAME_CONTRACT'
E         
E         - SAME_CONTRACT
E         + BASELINE_MISSING

tests\msi\test_logic.py:243: AssertionError</failure></testcase><testcase classname="tests.msi.test_logic.TestL02BaselineZero" name="test_baseline_zero_is_never_derived" time="0.613"><failure message="AssertionError: assert 'change_status' not in {'ask_change': None, 'ask_change_pct': None, 'ask_size_change': None, 'bid_change': None, ...}">self = &lt;test_logic.TestL02BaselineZero object at 0x000002C879C59F90&gt;
tmp_path = WindowsPath('C:/Users/ACKVerissimo/AppData/Local/Temp/pytest-of-ACKVerissimo/pytest-236/test_baseline_zero_is_never_de0')

    def test_baseline_zero_is_never_derived(self, tmp_path: Path) -&gt; None:
        """L-02 / S8.8, executed. A row whose *morning* (baseline) bid is
        0.0 is published through the same pass-through path as L-01. No
        `change_status` field, BASELINE_ZERO or otherwise, is ever added.
        Verdict: NOT_IMPLEMENTED -- the same absent-computation gap as L-01
        (there is exactly one code path, _bundle() in
        contracts/interpreter_handoff_materializer.py:174-228, and it has no
        arithmetic on bid/ask/mid at all).
        """
        row = _governed_row(
            run_id="RUN1C",
            ticker="EEE",
            selected_contract_symbol="EEE260918C00100000",
            morning_contract_bid=0.0,
            morning_contract_ask=0.05,
            current_contract_bid=0.10,
            current_contract_ask=0.20,
        )
        result = _publish_handoff(tmp_path, run_id="RUN1C", rows=[row])
        bundle = json.loads(Path(result["bundle_path"]).read_text(encoding="utf-8").splitlines()[0])
        evidence = bundle["quote_change_evidence"]
&gt;       assert "change_status" not in evidence
E       AssertionError: assert 'change_status' not in {'ask_change': None, 'ask_change_pct': None, 'ask_size_change': None, 'bid_change': None, ...}

tests\msi\test_logic.py:277: AssertionError</failure></testcase><testcase classname="tests.msi.test_logic.TestL03LifecycleTransitions" name="test_none_to_developing_on_second_qualifying_region" time="0.004" /><testcase classname="tests.msi.test_logic.TestL03LifecycleTransitions" name="test_developing_to_accepted_when_all_rules_pass" time="0.003" /><testcase classname="tests.msi.test_logic.TestL03LifecycleTransitions" name="test_developing_stays_developing_when_not_yet_accepted" time="0.006" /><testcase classname="tests.msi.test_logic.TestL03LifecycleTransitions" name="test_accepted_to_continuing_when_still_accepted_and_repair_below_020" time="0.003" /><testcase classname="tests.msi.test_logic.TestL03LifecycleTransitions" name="test_accepted_to_repairing_when_repair_in_020_060_band" time="0.003" /><testcase classname="tests.msi.test_logic.TestL03LifecycleTransitions" name="test_continuing_to_repairing_when_acceptance_temporarily_lost" time="0.004" /><testcase classname="tests.msi.test_logic.TestL03LifecycleTransitions" name="test_repairing_to_continuing_on_restoration" time="0.003" /><testcase classname="tests.msi.test_logic.TestL03LifecycleTransitions" name="test_any_to_failed_on_repair_above_060[MS_ACCEPTED]" time="0.005" /><testcase classname="tests.msi.test_logic.TestL03LifecycleTransitions" name="test_any_to_failed_on_repair_above_060[MS_CONTINUING]" time="0.004" /><testcase classname="tests.msi.test_logic.TestL03LifecycleTransitions" name="test_any_to_failed_on_repair_above_060[MS_DEVELOPING]" time="0.005" /><testcase classname="tests.msi.test_logic.TestL03LifecycleTransitions" name="test_any_to_failed_on_repair_above_060[MS_REPAIRING]" time="0.004" /><testcase classname="tests.msi.test_logic.TestL03LifecycleTransitions" name="test_any_to_failed_on_invalidation_close" time="0.003" /><testcase classname="tests.msi.test_logic.TestL03LifecycleTransitions" name="test_any_to_failed_when_regions_cease_to_qualify" time="0.003" /><testcase classname="tests.msi.test_logic.TestL03LifecycleTransitions" name="test_DEFECT_none_prior_can_skip_developing_straight_to_accepted" time="0.003" /><testcase classname="tests.msi.test_logic.TestL04FailedTerminalAndIntervalEvaluation" name="test_failed_is_terminal_regardless_of_new_inputs" time="0.003" /><testcase classname="tests.msi.test_logic.TestL04FailedTerminalAndIntervalEvaluation" name="test_new_session_produces_a_new_evidence_id" time="0.006" /><testcase classname="tests.msi.test_logic.TestL04FailedTerminalAndIntervalEvaluation" name="test_DEFECT_transitions_are_not_evaluated_per_five_minute_interval" time="367.814" /><testcase classname="tests.msi.test_logic.TestL05DoubleDistributionQualificationRules" name="test_baseline_is_detected" time="0.034" /><testcase classname="tests.msi.test_logic.TestL05DoubleDistributionQualificationRules" name="test_region_share_rule_alone_rejects" time="0.058" /><testcase classname="tests.msi.test_logic.TestL05DoubleDistributionQualificationRules" name="test_peak_percentile_rule_alone_rejects" time="0.006" /><testcase classname="tests.msi.test_logic.TestL05DoubleDistributionQualificationRules" name="test_valley_rule_alone_rejects" time="0.007" /><testcase classname="tests.msi.test_logic.TestL05DoubleDistributionQualificationRules" name="test_separation_rule_alone_rejects" time="0.012" /><testcase classname="tests.msi.test_logic.TestL05DoubleDistributionQualificationRules" name="test_chronology_rule_alone_rejects" time="0.017" /><testcase classname="tests.msi.test_logic.TestL05DoubleDistributionQualificationRules" name="test_isolated_single_bin_spike_is_rejected" time="0.005" /><testcase classname="tests.msi.test_logic.TestL06DirectionRelationshipMapping" name="test_call_second_above_first_accepted_or_continuing_is_aligned[MS_ACCEPTED]" time="0.003" /><testcase classname="tests.msi.test_logic.TestL06DirectionRelationshipMapping" name="test_call_second_above_first_accepted_or_continuing_is_aligned[MS_CONTINUING]" time="0.003" /><testcase classname="tests.msi.test_logic.TestL06DirectionRelationshipMapping" name="test_call_second_below_first_is_conflicting[MS_ACCEPTED]" time="0.003" /><testcase classname="tests.msi.test_logic.TestL06DirectionRelationshipMapping" name="test_call_second_below_first_is_conflicting[MS_CONTINUING]" time="0.003" /><testcase classname="tests.msi.test_logic.TestL06DirectionRelationshipMapping" name="test_put_second_below_first_is_aligned[MS_ACCEPTED]" time="0.004" /><testcase classname="tests.msi.test_logic.TestL06DirectionRelationshipMapping" name="test_put_second_below_first_is_aligned[MS_CONTINUING]" time="0.003" /><testcase classname="tests.msi.test_logic.TestL06DirectionRelationshipMapping" name="test_put_second_above_first_is_conflicting[MS_ACCEPTED]" time="0.004" /><testcase classname="tests.msi.test_logic.TestL06DirectionRelationshipMapping" name="test_put_second_above_first_is_conflicting[MS_CONTINUING]" time="0.004" /><testcase classname="tests.msi.test_logic.TestL06DirectionRelationshipMapping" name="test_developing_repairing_failed_is_always_neutral[ABOVE-MS_DEVELOPING-CALL]" time="0.008" /><testcase classname="tests.msi.test_logic.TestL06DirectionRelationshipMapping" name="test_developing_repairing_failed_is_always_neutral[ABOVE-MS_DEVELOPING-PUT]" time="0.009" /><testcase classname="tests.msi.test_logic.TestL06DirectionRelationshipMapping" name="test_developing_repairing_failed_is_always_neutral[ABOVE-MS_REPAIRING-CALL]" time="0.005" /><testcase classname="tests.msi.test_logic.TestL06DirectionRelationshipMapping" name="test_developing_repairing_failed_is_always_neutral[ABOVE-MS_REPAIRING-PUT]" time="0.004" /><testcase classname="tests.msi.test_logic.TestL06DirectionRelationshipMapping" name="test_developing_repairing_failed_is_always_neutral[ABOVE-MS_FAILED-CALL]" time="0.005" /><testcase classname="tests.msi.test_logic.TestL06DirectionRelationshipMapping" name="test_developing_repairing_failed_is_always_neutral[ABOVE-MS_FAILED-PUT]" time="0.006" /><testcase classname="tests.msi.test_logic.TestL06DirectionRelationshipMapping" name="test_developing_repairing_failed_is_always_neutral[BELOW-MS_DEVELOPING-CALL]" time="0.006" /><testcase classname="tests.msi.test_logic.TestL06DirectionRelationshipMapping" name="test_developing_repairing_failed_is_always_neutral[BELOW-MS_DEVELOPING-PUT]" time="0.005" /><testcase classname="tests.msi.test_logic.TestL06DirectionRelationshipMapping" name="test_developing_repairing_failed_is_always_neutral[BELOW-MS_REPAIRING-CALL]" time="0.005" /><testcase classname="tests.msi.test_logic.TestL06DirectionRelationshipMapping" name="test_developing_repairing_failed_is_always_neutral[BELOW-MS_REPAIRING-PUT]" time="0.005" /><testcase classname="tests.msi.test_logic.TestL06DirectionRelationshipMapping" name="test_developing_repairing_failed_is_always_neutral[BELOW-MS_FAILED-CALL]" time="0.015" /><testcase classname="tests.msi.test_logic.TestL06DirectionRelationshipMapping" name="test_developing_repairing_failed_is_always_neutral[BELOW-MS_FAILED-PUT]" time="0.005" /><testcase classname="tests.msi.test_logic.TestL06DirectionRelationshipMapping" name="test_unresolved_direction_is_always_neutral[ABOVE-MS_ACCEPTED]" time="0.004" /><testcase classname="tests.msi.test_logic.TestL06DirectionRelationshipMapping" name="test_unresolved_direction_is_always_neutral[ABOVE-MS_CONTINUING]" time="0.006" /><testcase classname="tests.msi.test_logic.TestL06DirectionRelationshipMapping" name="test_unresolved_direction_is_always_neutral[ABOVE-MS_DEVELOPING]" time="0.004" /><testcase classname="tests.msi.test_logic.TestL06DirectionRelationshipMapping" name="test_unresolved_direction_is_always_neutral[ABOVE-MS_FAILED]" time="0.005" /><testcase classname="tests.msi.test_logic.TestL06DirectionRelationshipMapping" name="test_unresolved_direction_is_always_neutral[BELOW-MS_ACCEPTED]" time="0.004" /><testcase classname="tests.msi.test_logic.TestL06DirectionRelationshipMapping" name="test_unresolved_direction_is_always_neutral[BELOW-MS_CONTINUING]" time="0.005" /><testcase classname="tests.msi.test_logic.TestL06DirectionRelationshipMapping" name="test_unresolved_direction_is_always_neutral[BELOW-MS_DEVELOPING]" time="0.005" /><testcase classname="tests.msi.test_logic.TestL06DirectionRelationshipMapping" name="test_unresolved_direction_is_always_neutral[BELOW-MS_FAILED]" time="0.005" /><testcase classname="tests.msi.test_logic.TestL06DirectionRelationshipMapping" name="test_absent_structure_direction_is_insufficient_data" time="0.004" /><testcase classname="tests.msi.test_logic.TestL06DirectionRelationshipMapping" name="test_insufficient_quality_is_insufficient_data" time="0.003" /><testcase classname="tests.msi.test_logic.TestL06DirectionRelationshipMapping" name="test_NEEDS_CLARIFICATION_coarse_quality_mapped_to_insufficient_data" time="0.004" /><testcase classname="tests.msi.test_logic.TestL07QualityClassification" name="test_one_minute_bars_only_yields_one_minute_estimated" time="0.038" /><testcase classname="tests.msi.test_logic.TestL07QualityClassification" name="test_missing_bars_yields_insufficient_data_no_fabricated_profile" time="0.007" /><testcase classname="tests.msi.test_logic.TestL07QualityClassification" name="test_corporate_action_on_session_forces_coarse_quality" time="0.008" /><testcase classname="tests.msi.test_logic.TestL07QualityClassification" name="test_DEFECT_trade_level_confirmed_is_never_produced" time="72.452" /><testcase classname="tests.msi.test_logic.TestL07QualityClassification" name="test_DEFECT_coarse_bars_only_has_no_independent_detection_path" time="0.143"><failure message="AssertionError: confirms 15-minute bars are silently treated identically to true one-minute bars; no coarse-bar detection exists&#10;assert 'COARSE_15_MINUTE' == 'ONE_MINUTE_ESTIMATED'&#10;  &#10;  - ONE_MINUTE_ESTIMATED&#10;  + COARSE_15_MINUTE">self = &lt;test_logic.TestL07QualityClassification object at 0x000002C879C695B0&gt;

    def test_DEFECT_coarse_bars_only_has_no_independent_detection_path(self) -&gt; None:
        """L-07 DEFECT / S14 ('Coarse bars only | COARSE_DATA_LOW_CONFIDENCE
        | supporting evidence only'). The only mechanism that can ever
        produce COARSE_DATA_LOW_CONFIDENCE is the caller-supplied
        `corporate_action_on_session` boolean (S8.4); there is no bar-
        interval/granularity check anywhere in market_structure/profile.py
        that would classify e.g. 5-minute or 15-minute bars as 'coarse' on
        their own. Feeding 5-minute-interval bars (timestamps 5 minutes
        apart) produces ONE_MINUTE_ESTIMATED, not COARSE_DATA_LOW_CONFIDENCE,
        because the code never inspects bar cadence. FAIL --
        NOT_IMPLEMENTED for the 'coarse bars' condition independent of
        corporate actions.
        """
        coarse_bars = pd.DataFrame({
            "timestamp_utc": pd.date_range("2026-06-01T13:30:00Z", periods=5, freq="15min"),
            "high": [100.5, 101.0, 100.8, 101.2, 100.9],
            "low": [100.0, 100.4, 100.3, 100.6, 100.4],
            "close": [100.2, 100.8, 100.5, 101.0, 100.6],
            "volume": [50000, 48000, 51000, 47000, 49000],
            "session_segment": ["REGULAR"] * 5,
        })
        profile = build_market_profile(
            coarse_bars, exchange_tick=0.01, atr14=4.0,
            regular_open_utc=datetime(2026, 6, 1, 13, 30, tzinfo=timezone.utc),
        )
&gt;       assert profile.data_quality == "ONE_MINUTE_ESTIMATED", (
            "confirms 15-minute bars are silently treated identically to "
            "true one-minute bars; no coarse-bar detection exists"
        )
E       AssertionError: confirms 15-minute bars are silently treated identically to true one-minute bars; no coarse-bar detection exists
E       assert 'COARSE_15_MINUTE' == 'ONE_MINUTE_ESTIMATED'
E         
E         - ONE_MINUTE_ESTIMATED
E         + COARSE_15_MINUTE

tests\msi\test_logic.py:836: AssertionError</failure></testcase><testcase classname="tests.msi.test_logic.TestL08ResolverAcceptanceRules" name="test_file_presence_never_implies_acceptance_bad_status_rejected" time="0.059" /><testcase classname="tests.msi.test_logic.TestL08ResolverAcceptanceRules" name="test_test_run_kind_rejected_even_with_accepted_status" time="0.057" /><testcase classname="tests.msi.test_logic.TestL08ResolverAcceptanceRules" name="test_replay_repair_aborted_run_kinds_rejected[REPLAY]" time="0.051" /><testcase classname="tests.msi.test_logic.TestL08ResolverAcceptanceRules" name="test_replay_repair_aborted_run_kinds_rejected[REPAIR]" time="0.049" /><testcase classname="tests.msi.test_logic.TestL08ResolverAcceptanceRules" name="test_replay_repair_aborted_run_kinds_rejected[ABORTED]" time="0.053" /><testcase classname="tests.msi.test_logic.TestL08ResolverAcceptanceRules" name="test_DEFECT_research_labelled_run_is_not_actually_reachable" time="0.054" /><testcase classname="tests.msi.test_logic.TestL08ResolverAcceptanceRules" name="test_executable_session_requires_morning_gate_completed" time="0.437" /><testcase classname="tests.msi.test_logic.TestL08ResolverAcceptanceRules" name="test_trajectory_use_bypasses_morning_gate_requirement" time="0.424" /><testcase classname="tests.msi.test_logic.TestL09TrajectoryComparisonNormalisation" name="test_DEFECT_no_trajectory_normalisation_logic_exists" time="50.743" /><testcase classname="tests.msi.test_logic.TestL09TrajectoryComparisonNormalisation" name="test_contract_change_produces_no_flagged_normalised_comparison" time="0.314"><failure message="AssertionError: assert 'BASELINE_MISSING' == 'CONTRACT_CHANGED'&#10;  &#10;  - CONTRACT_CHANGED&#10;  + BASELINE_MISSING">self = &lt;test_logic.TestL09TrajectoryComparisonNormalisation object at 0x000002C879C5B750&gt;
tmp_path = WindowsPath('C:/Users/ACKVerissimo/AppData/Local/Temp/pytest-of-ACKVerissimo/pytest-236/test_contract_change_produces_0')

    def test_contract_change_produces_no_flagged_normalised_comparison(self, tmp_path: Path) -&gt; None:
        """L-09 / S13, executed: publish a row where the current contract
        differs from the originally-selected one is out of scope for the
        materializer (identity must match at publish time -- see
        contracts/interpreter_handoff.py:BUNDLE_GOVERNED_IDENTITY_MISMATCH),
        so there is no governed artefact anywhere that could even carry a
        'normalised' label. This executes the same pass-through path as
        L-01 to show that even a row explicitly marked
        comparison_status=CONTRACT_CHANGED is forwarded verbatim with no
        added `comparison_basis` / `normalised` marker of any kind.
        """
        row = _governed_row(
            run_id="RUN1D", ticker="GGG", selected_contract_symbol="GGG260918C00100000",
            comparison_status="CONTRACT_CHANGED",
            morning_contract_bid=1.0, current_contract_bid=None,
        )
        result = _publish_handoff(tmp_path, run_id="RUN1D", rows=[row])
        bundle = json.loads(Path(result["bundle_path"]).read_text(encoding="utf-8").splitlines()[0])
        evidence = bundle["quote_change_evidence"]
&gt;       assert evidence.get("comparison_status") == "CONTRACT_CHANGED"
E       AssertionError: assert 'BASELINE_MISSING' == 'CONTRACT_CHANGED'
E         
E         - CONTRACT_CHANGED
E         + BASELINE_MISSING

tests\msi\test_logic.py:1002: AssertionError</failure></testcase><testcase classname="tests.msi.test_logic.TestL10PostGenerationValidator" name="test_governed_fields_are_copied_from_bundle_not_model" time="0.004" /><testcase classname="tests.msi.test_logic.TestL10PostGenerationValidator" name="test_structured_field_override_attempt_is_rejected_as_schema_violation" time="0.002" /><testcase classname="tests.msi.test_logic.TestL10PostGenerationValidator" name="test_narrative_direction_override_is_rejected" time="0.005" /><testcase classname="tests.msi.test_logic.TestL10PostGenerationValidator" name="test_narrative_contract_override_is_rejected" time="0.003" /><testcase classname="tests.msi.test_logic.TestL10PostGenerationValidator" name="test_DEFECT_narrative_lifecycle_override_is_not_detected" time="0.002" /><testcase classname="tests.msi.test_logic.TestL10PostGenerationValidator" name="test_missing_model_field_is_rejected_as_schema_violation" time="0.003" /><testcase classname="tests.msi.test_logic.TestL10PostGenerationValidator" name="test_nonzero_temperature_is_rejected" time="0.003" /><testcase classname="tests.msi.test_logic.TestL10PostGenerationValidator" name="test_rejected_assessment_is_preserved_not_dropped" time="0.060" /><testcase classname="tests.msi.test_logic.TestL11MacroAdapter" name="test_enum_matches_exactly_the_six_named_states" time="0.003" /><testcase classname="tests.msi.test_logic.TestL11MacroAdapter" name="test_missing_macro_context_is_data_missing" time="0.002" /><testcase classname="tests.msi.test_logic.TestL11MacroAdapter" name="test_forbidden_authority_keys_never_reach_the_advisory_payload" time="0.070" /><testcase classname="tests.msi.test_logic.TestL11MacroAdapter" name="test_stale_freshness_forces_stale_context_regardless_of_declared_state" time="0.062" /><testcase classname="tests.msi.test_logic.TestL11MacroAdapter" name="test_unrecognised_declared_state_becomes_conflicting_sources" time="0.070" /><testcase classname="tests.msi.test_logic.TestL11MacroAdapter" name="test_macro_reference_path_escape_is_rejected" time="0.069" /><testcase classname="tests.msi.test_logic.TestL11MacroAdapter" name="test_macro_authority_mutation_guard" time="0.002" /><testcase classname="tests.msi.test_logic.TestL12FailureBehaviourTable" name="test_DEFECT_morning_evidence_missing_literal_code_absent" time="53.023" /><testcase classname="tests.msi.test_logic.TestL12FailureBehaviourTable" name="test_DEFECT_contract_requote_required_literal_code_absent" time="51.037" /><testcase classname="tests.msi.test_logic.TestL12FailureBehaviourTable" name="test_DEFECT_budget_exhausted_literal_code_and_ceiling_absent" time="54.077" /><testcase classname="tests.msi.test_logic.TestL12FailureBehaviourTable" name="test_DEFECT_refresh_conflict_literal_code_and_lock_timeout_absent" time="71.544" /><testcase classname="tests.msi.test_logic.TestL12FailureBehaviourTable" name="test_option_sizes_absent_size_quality_enum_exists" time="0.005" /><testcase classname="tests.msi.test_logic.TestL12FailureBehaviourTable" name="test_ticker_dropped_blocks_provider_request_worklist_gate_exists" time="0.005" /><testcase classname="tests.msi.test_regression.R01DirectionRelationshipByteEquivalence" name="test_attach_pattern_preserves_verdict_and_final_action_byte_identical" time="0.010" /><testcase classname="tests.msi.test_regression.R01DirectionRelationshipByteEquivalence" name="test_real_evidence_dict_never_contains_verdict_or_final_action_keys" time="0.045" /><testcase classname="tests.msi.test_regression.R01DirectionRelationshipByteEquivalence" name="test_table_exhaustive_classification" time="0.025" /><testcase classname="tests.msi.test_regression.R02IntradayAdvisoryDoesNotChangeFinalAction" name="test_final_action_never_independently_computed_by_interpreter_or_cds_layers" time="0.675" /><testcase classname="tests.msi.test_regression.R02IntradayAdvisoryDoesNotChangeFinalAction" name="test_intraday_monetisability_advisory_field_not_yet_implemented" time="0.609" /><testcase classname="tests.msi.test_regression.R03OptionChainV1V2Compatibility" name="test_fixture_category_coverage_per_16_1" time="0.074" /><testcase classname="tests.msi.test_regression.R03OptionChainV1V2Compatibility" name="test_v1_reader_tolerates_records_without_v2_fields" time="0.160" /><testcase classname="tests.msi.test_regression.R03OptionChainV1V2Compatibility" name="test_v2_persistence_layer_is_content_addressed_not_rewrite_in_place" time="0.005" /><testcase classname="tests.msi.test_regression.R03OptionChainV1V2Compatibility" name="test_v2_writer_field_completeness_against_design_8_1" time="0.016" /><testcase classname="tests.msi.test_regression.R04SwitchOffRestoresV1WithoutDeletion" name="test_explicit_env_override_can_disable_v2_capture_without_touching_config_file" time="0.005" /><testcase classname="tests.msi.test_regression.R04SwitchOffRestoresV1WithoutDeletion" name="test_no_delete_or_rebuild_code_path_is_keyed_to_the_capture_flags" time="0.200" /><testcase classname="tests.msi.test_regression.R04SwitchOffRestoresV1WithoutDeletion" name="test_v2_reader_writer_branch_selection_is_source_confirmed_not_executed_live" time="0.014" /><testcase classname="tests.msi.test_regression.R05LabUIDisplayRules" name="test_empty_values_render_canonical_state_strings" time="0.033" /><testcase classname="tests.msi.test_regression.R05LabUIDisplayRules" name="test_l2_bid_ask_size_still_readable_in_backend" time="0.018" /><testcase classname="tests.msi.test_regression.R05LabUIDisplayRules" name="test_table_view_shows_only_the_five_designated_inline_fields" time="0.011"><failure message="AssertionError: Lists differ: ['cur[40 chars]k', 'ms_lifecycle', 'ms_direction_relationship'] != ['cur[40 chars]k', 'quote_freshness', 'ms_lifecycle', 'ms_dir[16 chars]hip']&#10;&#10;First differing element 2:&#10;'ms_lifecycle'&#10;'quote_freshness'&#10;&#10;Second list contains 1 additional elements.&#10;First extra element 4:&#10;'ms_direction_relationship'&#10;&#10;  ['current_contract_bid',&#10;   'current_contract_ask',&#10;+  'quote_freshness',&#10;   'ms_lifecycle',&#10;   'ms_direction_relationship'] : table-view row template (buildTable) is missing inline MSI field(s): ['quote_freshness'] -- these currently render only inside the ticker-detail modal, not the row list.">self = &lt;test_regression.R05LabUIDisplayRules testMethod=test_table_view_shows_only_the_five_designated_inline_fields&gt;

    def test_table_view_shows_only_the_five_designated_inline_fields(self):
        """FAIL expected: SS11 says the table view adds ONLY current
        contract bid/ask, quote freshness, ms_lifecycle,
        ms_direction_relationship and Interpreter assessment state. The
        active row-template function is buildTable() -- confirms it exists,
        and that none of the five MSI fields are wired inline into it (they
        exist only inside the ticker-detail modal's 'mp-msi' pane)."""
        self.assertIn("function buildTable", self.index_html)
        table_start = self.index_html.index("function buildTable")
        modal_start = self.index_html.index("function openModal")
        table_body = self.index_html[table_start:modal_start]
        five_fields = ("current_contract_bid", "current_contract_ask", "quote_freshness",
                       "ms_lifecycle", "ms_direction_relationship")
        present_inline = [f for f in five_fields if f in table_body]
&gt;       self.assertEqual(
            present_inline, list(five_fields),
            f"table-view row template (buildTable) is missing inline MSI field(s): "
            f"{sorted(set(five_fields) - set(present_inline))} -- these currently render "
            "only inside the ticker-detail modal, not the row list.",
        )
E       AssertionError: Lists differ: ['cur[40 chars]k', 'ms_lifecycle', 'ms_direction_relationship'] != ['cur[40 chars]k', 'quote_freshness', 'ms_lifecycle', 'ms_dir[16 chars]hip']
E       
E       First differing element 2:
E       'ms_lifecycle'
E       'quote_freshness'
E       
E       Second list contains 1 additional elements.
E       First extra element 4:
E       'ms_direction_relationship'
E       
E         ['current_contract_bid',
E          'current_contract_ask',
E       +  'quote_freshness',
E          'ms_lifecycle',
E          'ms_direction_relationship'] : table-view row template (buildTable) is missing inline MSI field(s): ['quote_freshness'] -- these currently render only inside the ticker-detail modal, not the row list.

tests\msi\test_regression.py:542: AssertionError</failure></testcase><testcase classname="tests.msi.test_regression.R05LabUIDisplayRules" name="test_ui_never_displays_raw_l2_bid_ask_size_labels" time="0.006" /><testcase classname="tests.msi.test_regression.R05LabUIDisplayRules" name="test_ui_uses_underlying_nbbo_naming_for_size_fields" time="0.013" /><testcase classname="tests.msi.test_regression.R06LabSignalBookV3Schema" name="test_core_lab_materializer_still_tags_rows_v2_not_v3" time="0.012" /><testcase classname="tests.msi.test_regression.R06LabSignalBookV3Schema" name="test_lab_signal_book_v3_constant_exists_in_interpreter_handoff_contract" time="0.003" /><testcase classname="tests.msi.test_regression.R06LabSignalBookV3Schema" name="test_quote_change_evidence_group_fields_present_in_materializer" time="1.114"><failure message="AssertionError: 'morning_contract_bid' not found in '&quot;&quot;&quot;Materialise the immutable MSI Lab-to-Interpreter production handoff.\n\nThis module is deliberately data-only: it does not fetch market data, select a\ncontract, calculate direction, or grant capital.  It serialises already\ngoverned Morning/Lab rows and publishes the atomic Interpreter baton only when\nevery row has complete, matching identity.\n&quot;&quot;&quot;\n\nfrom __future__ import annotations\n\nimport csv\nimport json\nimport os\nimport tempfile\nimport uuid\nfrom datetime import date, datetime, timezone\nfrom pathlib import Path\nfrom typing import Any, Iterable, Mapping\n\nfrom contracts.interpreter_handoff import (\n    AUTHORITY_MAP_VERSION,\n    BOOK_SCHEMA_VERSION,\n    BUNDLE_SCHEMA_VERSION,\n    HandoffValidationError,\n    artifact_record,\n    canonical_json,\n    publish_handoff_manifest,\n    sha256_file,\n    utc_now,\n    validate_evidence_bundle,\n)\nfrom canonical_data.bundle_freshness import derive_bundle_freshness\nfrom contracts.quote_change_evidence import (\n    compare_exact_option_quotes,\n    quote_change_overlay_fields,\n    quote_snapshot_from_row,\n)\n\n\nMATERIALIZER_VERSION = &quot;msi-handoff-materializer-v1.2&quot;\nRECONCILIATION_SCHEMA_VERSION = &quot;msi_reconciliation_v1&quot;\nBOOK_MANIFEST_SCHEMA_VERSION = &quot;lab_signal_book_v3_manifest_v1&quot;\n\n\ndef _text(value: Any) -&gt; str:\n    text = str(value or &quot;&quot;).strip()\n    return &quot;&quot; if text.upper() in {&quot;NAN&quot;, &quot;NONE&quot;, &quot;NULL&quot;, &quot;N/A&quot;} else text\n\n\ndef _upper(value: Any) -&gt; str:\n    return _text(value).upper()\n\n\ndef _canonical_contract(row: Mapping[str, Any]) -&gt; str:\n    raw = (\n        row.get(&quot;selected_contract_symbol&quot;)\n        or row.get(&quot;morning_selected_contract_symbol&quot;)\n        or row.get(&quot;contract_symbol&quot;)\n    )\n    value = _upper(raw).replace(&quot;O:&quot;, &quot;&quot;).replace(&quot; &quot;, &quot;&quot;)\n    if not value:\n        symbols = row.get(&quot;selected_contract_symbols&quot;)\n        if isinstance(symbols, str):\n            try:\n                symbols = json.loads(symbols)\n            except json.JSONDecodeError:\n                symbols = [symbols]\n        if isinstance(symbols, (list, tuple)) and len(symbols) == 1:\n            value = _upper(symbols[0]).replace(&quot;O:&quot;, &quot;&quot;).replace(&quot; &quot;, &quot;&quot;)\n    return value\n\n\ndef _first(row: Mapping[str, Any], *names: str) -&gt; Any:\n    for name in names:\n        value = row.get(name)\n        if _text(value):\n            return value\n    return &quot;&quot;\n\n\ndef _atomic_text(path: Path, value: str) -&gt; None:\n    path.parent.mkdir(parents=True, exist_ok=True)\n    fd, temporary_name = tempfile.mkstemp(prefix=f&quot;.{path.name}.&quot;, dir=path.parent)\n    os.close(fd)\n    temporary = Path(temporary_name)\n    try:\n        temporary.write_text(value, encoding=&quot;utf-8&quot;)\n        os.replace(temporary, path)\n    finally:\n        temporary.unlink(missing_ok=True)\n\n\ndef _atomic_csv(path: Path, rows: list[dict[str, Any]]) -&gt; None:\n    identity = [\n        &quot;lab_schema_version&quot;,\n        &quot;run_id&quot;,\n        &quot;pipeline_mode&quot;,\n        &quot;ticker&quot;,\n        &quot;thesis_id&quot;,\n        &quot;trade_idea_id&quot;,\n        &quot;selected_structure_id&quot;,\n        &quot;selected_contract_symbol&quot;,\n        &quot;selected_quote_snapshot_id&quot;,\n        &quot;bundle_id&quot;,\n    ]\n    fields = identity + sorted({key for row in rows for key in row} - set(identity))\n    path.parent.mkdir(parents=True, exist_ok=True)\n    fd, temporary_name = tempfile.mkstemp(prefix=f&quot;.{path.name}.&quot;, dir=path.parent)\n    os.close(fd)\n    temporary = Path(temporary_name)\n    try:\n        with temporary.open(&quot;w&quot;, encoding=&quot;utf-8&quot;, newline=&quot;&quot;) as handle:\n            writer = csv.DictWriter(handle, fieldnames=fields, extrasaction=&quot;ignore&quot;)\n            writer.writeheader()\n            writer.writerows(rows)\n        os.replace(temporary, path)\n    finally:\n        temporary.unlink(missing_ok=True)\n\n\ndef _identity(row: Mapping[str, Any], run_id: str, pipeline_mode: str) -&gt; dict[str, str]:\n    identity = {\n        &quot;run_id&quot;: _text(row.get(&quot;run_id&quot;)) or run_id,\n        &quot;pipeline_mode&quot;: _upper(row.get(&quot;pipeline_mode&quot;)) or pipeline_mode,\n        &quot;ticker&quot;: _upper(row.get(&quot;ticker&quot;)),\n        &quot;thesis_id&quot;: _text(row.get(&quot;thesis_id&quot;)),\n        &quot;trade_idea_id&quot;: _text(row.get(&quot;trade_idea_id&quot;)),\n        &quot;selected_structure_id&quot;: _text(row.get(&quot;selected_structure_id&quot;)),\n        &quot;selected_contract_symbol&quot;: _canonical_contract(row),\n        &quot;selected_quote_snapshot_id&quot;: _text(row.get(&quot;selected_quote_snapshot_id&quot;)),\n    }\n    if identity[&quot;run_id&quot;] != run_id:\n        raise HandoffValidationError(\n            f&quot;MATERIALIZER_RUN_ID_MISMATCH:{identity[\'run_id\']}:{run_id}&quot;\n        )\n    missing = [name for name, value in identity.items() if not value]\n    if missing:\n        raise HandoffValidationError(\n            f&quot;MATERIALIZER_MISSING_IDENTITY:{identity[\'ticker\'] or \'UNKNOWN\'}:&quot;\n            + &quot;,&quot;.join(missing)\n        )\n    return identity\n\n\ndef _authority_map() -&gt; dict[str, str]:\n    return {\n        &quot;governed_direction&quot;: &quot;DIRECTION_GOVERNANCE&quot;,\n        &quot;selected_contract_symbol&quot;: &quot;MORNING_GATE_SELECTED_CONTRACT&quot;,\n        &quot;thesis_state&quot;: &quot;OPTIONS_LIQUIDITY_LIFECYCLE&quot;,\n        &quot;olm_guard_disposition&quot;: &quot;OLM_EXECUTION_GUARD&quot;,\n        &quot;model_final_action&quot;: &quot;MORNING_EXECUTION_GATE&quot;,\n        &quot;final_action&quot;: &quot;MORNING_EXECUTION_GATE&quot;,\n        &quot;execution_quote_status&quot;: &quot;QUOTE_EVIDENCE_METADATA_ONLY&quot;,\n        &quot;capital_permission&quot;: &quot;MORNING_EXECUTION_GATE&quot;,\n        &quot;validation_transition&quot;: &quot;DYNAMIC_VALIDATION_GATE&quot;,\n        &quot;validation_event_id&quot;: &quot;DYNAMIC_VALIDATION_GATE&quot;,\n        &quot;frozen_thesis&quot;: &quot;COMPLETED_THESIS&quot;,\n        &quot;current_validation&quot;: &quot;DYNAMIC_VALIDATION_GATE&quot;,\n        &quot;macro_quant_packet&quot;: &quot;ADVISORY_ONLY&quot;,\n        &quot;interpreter_assessment&quot;: &quot;ADVISORY_ONLY&quot;,\n        &quot;doi_projection_state&quot;: &quot;DYNAMIC_OPTIONS_INTELLIGENCE_ADVISORY&quot;,\n        &quot;doi_preferred_contract_symbol&quot;: &quot;DYNAMIC_OPTIONS_INTELLIGENCE_ADVISORY&quot;,\n        &quot;doi_p_liquidity_3d&quot;: &quot;DYNAMIC_OPTIONS_INTELLIGENCE_ADVISORY&quot;,\n        &quot;doi_p_positive_return&quot;: &quot;DYNAMIC_OPTIONS_INTELLIGENCE_ADVISORY&quot;,\n        &quot;doi_p_target_before_invalidation&quot;: &quot;DYNAMIC_OPTIONS_INTELLIGENCE_ADVISORY&quot;,\n        &quot;doi_model_uncertainty&quot;: &quot;DYNAMIC_OPTIONS_INTELLIGENCE_ADVISORY&quot;,\n        &quot;doi_authority&quot;: &quot;ADVISORY_ONLY&quot;,\n    }\n\n\ndef _status_banner(validation: Mapping[str, Any] | None) -&gt; str:\n    if not validation:\n        return &quot;THESIS PREPARED — CURRENT VALIDATION NOT RUN&quot;\n    transition = _upper(validation.get(&quot;transition&quot;))\n    profile_state = _upper(validation.get(&quot;profile_evidence_state&quot;))\n    gate = validation.get(&quot;execution_gate_result&quot;)\n    gate = dict(gate) if isinstance(gate, Mapping) else {}\n    action = _upper(gate.get(&quot;action&quot;) or gate.get(&quot;final_action&quot;))\n    if transition == &quot;THESIS_INVALIDATED&quot;:\n        return &quot;THESIS INVALIDATED BY CURRENT PRICE&quot;\n    if transition in {&quot;TARGET_ALREADY_REACHED&quot;, &quot;ENTRY_RUNWAY_EXHAUSTED&quot;}:\n        return &quot;THESIS VALID — ENTRY RUNWAY EXHAUSTED&quot;\n    if transition == &quot;DATA_DEFERRED&quot;:\n        return &quot;DATA DEFERRED — CURRENT SESSION NOT YET OBSERVABLE&quot;\n    if transition == &quot;THESIS_CONFIRMED&quot; and action in {&quot;BUY_NOW&quot;, &quot;BUY_SMALL&quot;, &quot;ELIGIBLE&quot;}:\n        return &quot;THESIS CONFIRMED — EXECUTION VIABILITY PASSED&quot;\n    if profile_state == &quot;DEVELOPING_SESSION&quot;:\n        return &quot;RTH DEVELOPING PROFILE — ADVISORY&quot;\n    if profile_state == &quot;PENDING_MARKET_OPEN&quot;:\n        return &quot;PREMARKET THESIS VALIDATED — RTH EVIDENCE PENDING&quot;\n    return &quot;THESIS VALIDATED — REVIEW EXECUTION GATE&quot;\n\n\ndef _frozen_axis(row: Mapping[str, Any], identity: Mapping[str, str]) -&gt; dict[str, Any]:\n    return {\n        &quot;thesis_id&quot;: identity[&quot;thesis_id&quot;],\n        &quot;completed_session&quot;: _first(\n            row, &quot;evidence_session_date&quot;, &quot;com
[...]
failed_post_dispatch_attempt_consumes_process_call_cap" time="12.507" /><testcase classname="tests.test_worker3_activation.Worker3ActivationTests" name="test_invalid_authority_response_is_held_uncertain" time="9.960" /><testcase classname="tests.test_worker3_activation.Worker3ActivationTests" name="test_lab_mount_is_absent_when_disabled_and_advisory_when_enabled" time="0.685" /><testcase classname="tests.test_worker3_activation.Worker3ActivationTests" name="test_missing_approval_or_unapproved_model_blocks_activation" time="6.270" /><testcase classname="tests.test_worker3_activation.Worker3ActivationTests" name="test_production_lab_startup_honours_disabled_release" time="0.596" /><testcase classname="tests.test_worker3_activation.Worker3ActivationTests" name="test_projection_failure_reuses_durable_response_without_second_call" time="16.052" /><testcase classname="tests.test_worker3_activation.Worker3ActivationTests" name="test_release_change_after_runtime_initialization_fails_closed" time="3.114" /><testcase classname="tests.test_worker3_activation.Worker3ActivationTests" name="test_release_rejects_ambiguous_lab_projection_flag" time="0.523" /><testcase classname="tests.test_worker3_activation.Worker3ActivationTests" name="test_separate_activation_batches_share_one_release_ceiling" time="6.567" /><testcase classname="tests.test_worker3_activation.Worker3ActivationTests" name="test_validated_response_is_durable_semantic_reviewed_and_projected" time="19.203" /><testcase classname="tests.test_worker3_avshunter_source_bridge.AvshunterSourceBridgeTests" name="test_accepted_run_still_requires_healthy_final_manifest" time="0.892" /><testcase classname="tests.test_worker3_avshunter_source_bridge.AvshunterSourceBridgeTests" name="test_call_and_put_prepare_without_provider_or_writer" time="0.975" /><testcase classname="tests.test_worker3_avshunter_source_bridge.AvshunterSourceBridgeTests" name="test_contract_side_conflict_is_isolated" time="1.031" /><testcase classname="tests.test_worker3_avshunter_source_bridge.AvshunterSourceBridgeTests" name="test_duplicate_or_noncanonical_worklist_is_rejected" time="1.412" /><testcase classname="tests.test_worker3_avshunter_source_bridge.AvshunterSourceBridgeTests" name="test_invalid_macro_is_disclosed_without_discarding_tickers" time="1.086" /><testcase classname="tests.test_worker3_avshunter_source_bridge.AvshunterSourceBridgeTests" name="test_macro_session_mismatch_is_non_authoritative_and_disclosed" time="1.080" /><testcase classname="tests.test_worker3_avshunter_source_bridge.AvshunterSourceBridgeTests" name="test_missing_contract_is_not_fabricated" time="1.028" /><testcase classname="tests.test_worker3_avshunter_source_bridge.AvshunterSourceBridgeTests" name="test_missing_profile_is_explicit_unavailable_not_zero" time="0.888" /><testcase classname="tests.test_worker3_avshunter_source_bridge.AvshunterSourceBridgeTests" name="test_morning_exact_quote_after_bundle_cutoff_is_isolated" time="0.997" /><testcase classname="tests.test_worker3_avshunter_source_bridge.AvshunterSourceBridgeTests" name="test_morning_exact_quote_from_another_run_is_isolated" time="0.994" /><testcase classname="tests.test_worker3_avshunter_source_bridge.AvshunterSourceBridgeTests" name="test_nonterminal_aborted_and_unknown_run_states_are_blocked" time="1.385" /><testcase classname="tests.test_worker3_avshunter_source_bridge.AvshunterSourceBridgeTests" name="test_partial_one_sided_quote_is_preserved_as_evidence" time="0.942" /><testcase classname="tests.test_worker3_avshunter_source_bridge.AvshunterSourceBridgeTests" name="test_payload_hash_mismatch_is_isolated" time="0.906" /><testcase classname="tests.test_worker3_avshunter_source_bridge.AvshunterSourceBridgeTests" name="test_quote_mismatch_is_isolated" time="1.090" /><testcase classname="tests.test_worker3_avshunter_source_bridge.AvshunterSourceBridgeTests" name="test_run_frozen_macro_is_loaded_once_and_attached_to_every_ticker" time="1.460" /><testcase classname="tests.test_worker3_avshunter_source_bridge.AvshunterSourceBridgeTests" name="test_same_run_morning_exact_quote_is_normalised_and_preserved" time="1.152" /><testcase classname="tests.test_worker3_avshunter_source_bridge.AvshunterSourceBridgeTests" name="test_source_bridge_uses_finite_production_lab_book_ceiling" time="1.000" /><testcase classname="tests.test_worker3_avshunter_source_bridge.AvshunterSourceBridgeTests" name="test_successful_terminal_run_states_are_eligible" time="1.532" /><testcase classname="tests.test_worker3_avshunter_source_bridge.AvshunterSourceBridgeTests" name="test_ticker_projection_failure_does_not_discard_valid_candidate" time="1.142" /><testcase classname="tests.test_worker3_avshunter_source_bridge.AvshunterSourceBridgeTests" name="test_worker_advisory_attachment_is_restart_deterministic" time="1.893" /><testcase classname="tests.test_worker3_bound_output.BoundOutputTests" name="test_categorical_unavailable_boolean_document_and_unknown_slots_rejected" time="0.005" /><testcase classname="tests.test_worker3_bound_output.BoundOutputTests" name="test_empty_catalog_is_valid_and_permits_only_qualitative_text" time="0.004" /><testcase classname="tests.test_worker3_bound_output.BoundOutputTests" name="test_identity_and_numeric_types_are_constrained" time="0.004" /><testcase classname="tests.test_worker3_bound_output.BoundOutputTests" name="test_preflight_includes_schema_and_binds_its_fingerprint" time="0.040" /><testcase classname="tests.test_worker3_bound_output.BoundOutputTests" name="test_raw_digits_and_malformed_slots_rejected" time="0.006" /><testcase classname="tests.test_worker3_bound_output.BoundOutputTests" name="test_summary_cannot_emit_slots_or_digits" time="0.004" /><testcase classname="tests.test_worker3_bound_output.BoundOutputTests" name="test_transport_rejects_unapproved_output_options_without_network" time="0.008" /><testcase classname="tests.test_worker3_bound_output.BoundOutputTests" name="test_transport_sends_structured_schema_unchanged_once" time="0.018" /><testcase classname="tests.test_worker3_bound_output.BoundOutputTests" name="test_valid_numeric_historical_change_scenario_slots" time="0.004" /><testcase classname="tests.test_worker3_browser_launch.BrowserLaunchTests" name="test_changed_release_blocks_launch" time="5.969" /><testcase classname="tests.test_worker3_browser_launch.BrowserLaunchTests" name="test_counted_request_mismatch_blocks_preview" time="5.769" /><testcase classname="tests.test_worker3_browser_launch.BrowserLaunchTests" name="test_cross_origin_and_missing_token_rejected" time="0.994" /><testcase classname="tests.test_worker3_browser_launch.BrowserLaunchTests" name="test_failure_stops_remaining_jobs_without_retry" time="14.101" /><testcase classname="tests.test_worker3_browser_launch.BrowserLaunchTests" name="test_five_selected_exactly_once_and_durable_results" time="61.466" /><testcase classname="tests.test_worker3_browser_launch.BrowserLaunchTests" name="test_invalid_selection_never_calls_provider" time="0.745" /><testcase classname="tests.test_worker3_browser_launch.BrowserLaunchTests" name="test_missing_ticker_blocks_entire_selection_before_count" time="3.467" /><testcase classname="tests.test_worker3_browser_launch.BrowserLaunchTests" name="test_overlapping_previews_cannot_repeat_paid_job" time="20.524" /><testcase classname="tests.test_worker3_browser_launch.BrowserLaunchTests" name="test_preview_expiry_prevents_generation" time="5.429" /><testcase classname="tests.test_worker3_browser_launch.BrowserLaunchTests" name="test_restart_does_not_resume_interrupted_batch" time="5.204" /><testcase classname="tests.test_worker3_browser_launch.BrowserLaunchTests" name="test_selection_above_remaining_budget_is_rejected" time="16.443" /><testcase classname="tests.test_worker3_coordinator.Worker3CoordinatorTests" name="test_changed_model_produces_distinct_job_identity" time="7.354" /><testcase classname="tests.test_worker3_coordinator.Worker3CoordinatorTests" name="test_no_charge_or_unknown_reservation_before_activation" time="3.983" /><testcase classname="tests.test_worker3_coordinator.Worker3CoordinatorTests" name="test_policy_cannot_enable_provider_dispatch" time="0.429" /><testcase classname="tests.test_worker3_coordinator.Worker3CoordinatorTests" name="test_prepares_call_and_put_as_durable_unclaimable_jobs" time="3.813" /><testcase classname="tests.test_worker3_coordinator.Worker3CoordinatorTests" name="test_provider_model_prompt_and_authority_are_persisted" time="2.524" /><testcase classname="tests.test_worker3_coordinator.Worker3CoordinatorTests" name="test_repeat_is_idempotent_for_jobs_and_intakes" time="7.480" /><testcase classname="tests.test_worker3_coordinator.Worker3CoordinatorTests" name="test_restart_restores_exact_job_and_evidence_identity" time="6.118" /><testcase classname="tests.test_worker3_coordinator.Worker3CoordinatorTests" name="test_source_exception_is_durable_and_creates_no_job" time="2.583" /><testcase classname="tests.test_worker3_coordinator.Worker3CoordinatorTests" name="test_tampered_persisted_payload_fails_closed" time="4.202" /><testcase classname="tests.test_worker3_current_canary.CurrentCanaryTests" name="test_count_preflight_exact_hash_budget_and_no_generation" time="0.405" /><testcase classname="tests.test_worker3_current_canary.CurrentCanaryTests" name="test_count_preflight_http_failure_does_not_retry" time="0.384" /><testcase classname="tests.test_worker3_current_canary.CurrentCanaryTests" name="test_exact_selection_never_falls_back_from_data_exception" time="0.943" /><testcase classname="tests.test_worker3_current_canary.CurrentCanaryTests" name="test_latest_ignores_alias_and_records_incomplete" time="0.794" /><testcase classname="tests.test_worker3_current_canary.CurrentCanaryTests" name="test_newest_completed_governance_failure_does_not_fall_back" time="0.471" /><testcase classname="tests.test_worker3_current_canary.CurrentCanaryTests" name="test_offline_harness_real_process_replay_and_exceptions" time="96.469" /><testcase classname="tests.test_worker3_current_canary.CurrentCanaryTests" name="test_operator_cli_passes_only_exact_ticker" time="0.416" /><testcase classname="tests.test_worker3_current_canary.ControlledBoundaryRegressions" name="test_malformed_envelope_consumes_last_call" time="6.764" /><testcase classname="tests.test_worker3_current_canary.ControlledBoundaryRegressions" name="test_one_call_projection_failure_replays_at_exhausted_cap" time="15.745" /><testcase classname="tests.test_worker3_detailed_reports.AuthorityDenialTests" name="test_denial_and_mixed_approval" time="0.003" /><testcase classname="tests.test_worker3_detailed_reports.DetailedEvidenceTests" name="test_chpt_denial_and_approval_through_validator" time="6.369" /><testcase classname="tests.test_worker3_detailed_reports.DetailedEvidenceTests" name="test_macro_ticker_context_is_counted_as_typed_macro_coverage" time="4.181" /><testcase classname="tests.test_worker3_detailed_reports.DetailedEvidenceTests" name="test_macro_ticker_context_is_visible_and_explicitly_advisory" time="3.986" /><testcase classname="tests.test_worker3_detailed_reports.DetailedEvidenceTests" name="test_plan_and_missing_news" time="4.048" /><testcase classname="tests.test_worker3_detailed_reports.DetailedEvidenceTests" name="test_render_is_escaped_immutable_and_labels_brief" time="5.806" /><testcase classname="tests.test_worker3_detailed_reports.BatchReportTests" name="test_combined_page_all_tickers_and_guard" time="25.096" /><testcase classname="tests.test_worker3_detailed_reports.BatchReportTests" name="test_failure_keeps_all_tickers_visible" time="14.459" /><testcase classname="tests.test_worker3_detailed_reports.BatchReportTests" name="test_old_preview_is_rejected_before_paid_activation" time="5.866" /><testcase classname="tests.test_worker3_detailed_reports.TypedDetailTests" name="test_blank_numeric_text_and_zero_are_distinguished" time="1.170" /><testcase classname="tests.test_worker3_evidence_coverage.EvidenceCoverageTests" name="test_cited_comparison_claim_clears_only_changes_coverage" time="6.489" /><testcase classname="tests.test_worker3_evidence_coverage.EvidenceCoverageTests" name="test_initial_comparison_availability_is_citable_but_not_a_numeric_slot" time="5.147" /><testcase classname="tests.test_worker3_evidence_coverage.EvidenceCoverageTests" name="test_refresh_metadata_identifies_supplied_prior" time="7.147" /><testcase classname="tests.test_worker3_evidence_coverage.EvidenceCoverageTests" name="test_schema_requires_nonempty_claim_and_section_citations" time="4.960" /><testcase classname="tests.test_worker3_macro_orchestrator.Worker3MacroOrchestratorTests" name="test_run_manifest_is_atomic_reconciled_and_advisory" time="0.185" /><testcase classname="tests.test_worker3_macro_orchestrator.Worker3MacroOrchestratorTests" name="test_supplied_rows_must_match_the_hashed_lab_book" time="0.091" /><testcase classname="tests.test_worker3_macro_ticker_context.MacroTickerContextTests" name="test_aggregate_diagnostics_reconcile_bytes_omissions_and_applicability" time="0.019" /><testcase classname="tests.test_worker3_macro_ticker_context.MacroTickerContextTests" name="test_aggregate_diagnostics_reject_population_mismatch" time="0.003" /><testcase classname="tests.test_worker3_macro_ticker_context.MacroTickerContextTests" name="test_applicable_mapped_disagreement_is_ticker_conflicting" time="0.008" /><testcase classname="tests.test_worker3_macro_ticker_context.MacroTickerContextTests" name="test_exact_call_mapping_is_typed_advisory_and_retains_candidate" time="0.010" /><testcase classname="tests.test_worker3_macro_ticker_context.MacroTickerContextTests" name="test_exact_ticker_does_not_receive_other_ticker_evidence" time="0.008" /><testcase classname="tests.test_worker3_macro_ticker_context.MacroTickerContextTests" name="test_future_nested_source_times_fail_closed" time="0.007" /><testcase classname="tests.test_worker3_macro_ticker_context.MacroTickerContextTests" name="test_future_packet_fails_closed" time="0.004" /><testcase classname="tests.test_worker3_macro_ticker_context.MacroTickerContextTests" name="test_generic_stale_source_status_is_propagated" time="0.008" /><testcase classname="tests.test_worker3_macro_ticker_context.MacroTickerContextTests" name="test_large_lists_are_compacted_deterministically_and_disclosed" time="0.009" /><testcase classname="tests.test_worker3_macro_ticker_context.MacroTickerContextTests" name="test_material_change_changes_context_hash" time="0.014" /><testcase classname="tests.test_worker3_macro_ticker_context.MacroTickerContextTests" name="test_missing_mapping_is_unmapped_not_neutral" time="0.009" /><testcase classname="tests.test_worker3_macro_ticker_context.MacroTickerContextTests" name="test_missing_values_are_not_fabricated_as_zero" time="0.008" /><testcase classname="tests.test_worker3_macro_ticker_context.MacroTickerContextTests" name="test_non_advisory_packet_fails_closed" time="0.005" /><testcase classname="tests.test_worker3_macro_ticker_context.MacroTickerContextTests" name="test_non_directional_thesis_is_not_directionally_interpreted" time="0.009" /><testcase classname="tests.test_worker3_macro_ticker_context.MacroTickerContextTests" name="test_packet_session_mismatch_fails_closed" time="0.007" /><testcase classname="tests.test_worker3_macro_ticker_context.MacroTickerContextTests" name="test_put_uses_same_mapping_without_changing_direction" time="0.028" /><testcase classname="tests.test_worker3_macro_ticker_context.MacroTickerContextTests" name="test_sector_only_mapping_is_disclosed" time="0.008" /><testcase classname="tests.test_worker3_macro_ticker_context.MacroTickerContextTests" name="test_stale_unverified_and_global_conflicts_remain_visible_without_false_ticker_conflict" time="0.010" /><testcase classname="tests.test_worker3_macro_ticker_context.MacroTickerContextTests" name="test_vulnerable_ticker_supports_existing_put" time="0.009" /><testcase classname="tests.test_worker3_market_environment.MarketEnvironmentTests" name="test_future_macro_evidence_fails_closed" time="0.005" /><testcase classname="tests.test_worker3_market_environment.MarketEnvironmentTests" name="test_missing_data_remains_unavailable" time="0.004" /><testcase classname="tests.test_worker3_market_environment.MarketEnvironmentTests" name="test_non_advisory_packet_is_rejected" time="0.004" /><testcase classname="tests.test_worker3_market_environment.MarketEnvironmentTests" name="test_projects_all_four_advisory_domains" time="0.008" /><testcase classname="tests.test_worker3_market_environment.MarketEnvironmentTests" name="test_trade_plan_does_not_discard_invalidated_or_incomplete_thesis" time="0.005" /><testcase classname="tests.test_worker3_market_environment.MarketEnvironmentTests" name="test_trade_plan_preserves_candidate_and_governed_levels" time="0.006" /><testcase classname="tests.test_worker3_refresh_integration.Worker3RefreshIntegrationTests" name="test_cross_ticker_prior_is_isolated_as_data_exception" time="16.693" /><testcase classname="tests.test_worker3_refresh_integration.Worker3RefreshIntegrationTests" name="test_pre_index_assessment_is_backfilled_without_provider_call" time="17.873" /><testcase classname="tests.test_worker3_refresh_integration.Worker3RefreshIntegrationTests" name="test_projected_assessment_is_indexed_and_reconstructable" time="15.879" /><testcase classname="tests.test_worker3_refresh_integration.Worker3RefreshIntegrationTests" name="test_refresh_is_restart_safe_and_idempotent" time="100.333" /><testcase classname="tests.test_worker3_refresh_integration.Worker3RefreshIntegrationTests" name="test_refresh_requires_exact_explicit_prior_map" time="0.453" /><testcase classname="tests.test_worker3_response_guidance.ResponseGuidanceTests" name="test_generated_slot_examples_pass_the_real_renderer" time="2.506" /><testcase classname="tests.test_worker3_response_guidance.ResponseGuidanceTests" name="test_guidance_preserves_complete_governed_evidence" time="2.160" /><testcase classname="tests.test_worker3_response_guidance.ResponseGuidanceTests" name="test_shortened_reference_and_raw_digits_remain_rejected" time="2.149" /><testcase classname="tests.test_worker3_timeout_recovery.TimeoutRecoveryTests" name="test_response_after_old_lease_limit_completes_and_replays" time="16.792" /><testcase classname="tests.test_worker3_timeout_recovery.TimeoutRecoveryTests" name="test_timeout_ceiling_still_fails_before_network" time="0.492" /><testcase classname="tests.test_worker3_timeout_recovery.TimeoutRecoveryTests" name="test_timeout_diagnostics_survive_reopen_without_releasing_reservation" time="6.514" /><testcase classname="tests.test_ws2_trigger_spine" name="test_trigger_handoff_accepts_governed_categories" time="0.004" /><testcase classname="tests.test_ws2_trigger_spine" name="test_trigger_handoff_rejects_numeric_categorical_values[trigger_primary-55]" time="0.005" /><testcase classname="tests.test_ws2_trigger_spine" name="test_trigger_handoff_rejects_numeric_categorical_values[trigger_primary-55.0]" time="0.004" /><testcase classname="tests.test_ws2_trigger_spine" name="test_trigger_handoff_rejects_numeric_categorical_values[trigger_quality-2]" time="0.004" /><testcase classname="tests.test_ws2_trigger_spine" name="test_trigger_layer_output_survives_execution_spine_into_eod_book" time="0.725" /><testcase classname="tests.test_ws2_trigger_spine" name="test_production_path_no_longer_uses_late_trigger_overlay" time="0.129" /><testcase classname="tests.test_wyckoff_phase_validator" name="test_phase_c_spring_is_confirmed_active_or_late" time="0.003" /><testcase classname="tests.test_wyckoff_phase_validator" name="test_phase_d_without_sos_or_sow_is_uncertain" time="0.005" /><testcase classname="tests.test_wyckoff_phase_validator" name="test_weak_conflicted_phase_is_invalidated" time="0.006" /><testcase classname="tests.test_wyckoff_phase_validator" name="test_mature_phase_c_reports_transition_imminent" time="0.006" /></testsuite></testsuites>