<?xml version="1.0" encoding="utf-8"?><testsuites name="pytest tests"><testsuite name="pytest" errors="0" failures="6" skipped="0" tests="44" time="26.598" timestamp="2026-09-03T19:01:45.392967+01:00" hostname="DESKTOP-H1QMFF2"><testcase classname="audit.pipeline_map.AVS-TST-SD-002-001.T3_authority_pack.test_t3_authority_invariants" name="test_a3_01_injected_authority_keys_never_propagate[CALL]" time="0.060" /><testcase classname="audit.pipeline_map.AVS-TST-SD-002-001.T3_authority_pack.test_t3_authority_invariants" name="test_a3_01_injected_authority_keys_never_propagate[PUT]" time="0.044" /><testcase classname="audit.pipeline_map.AVS-TST-SD-002-001.T3_authority_pack.test_t3_authority_invariants" name="test_a3_01_injected_authority_keys_never_propagate[OTHER]" time="0.057" /><testcase classname="audit.pipeline_map.AVS-TST-SD-002-001.T3_authority_pack.test_t3_authority_invariants" name="test_a3_01b_injected_capital_authority_must_be_pinned_false[CALL]" time="0.050"><failure message="AssertionError: a supplied packet set can_grant_capital=True on the profile contract&#10;assert True is False&#10; +  where True = MarketProfileEvidence(evidence_id='evidence_e16666e2be7a414506928923', ticker='AAPL', session_date='2026-08-31', evide...y='CAPITAL', can_grant_capital=True, can_reverse_direction=True, uncertainty_score=0.1, reason_code='PROFILE_COMPLETE').can_grant_capital">direction = 'CALL'

    @pytest.mark.parametrize("direction", DIRECTIONS)
    def test_a3_01b_injected_capital_authority_must_be_pinned_false(direction: str) -&gt; None:
        """MarketProfileEvidence.from_mapping must PIN, not merely default, the
        authority fields.
    
        AVS-SD-002 sections 5.5/8.2 and contracts/dynamic_session_authority_v1.json
        ("Market Profile ... have no capital authority") make these constants of the
        contract, not caller-supplied values.  This test is EXPECTED TO FAIL against
        the current tree -- that failure is the defect.
        """
        contaminated = {
            **_evidence().to_dict(),
            "direction": direction,
            "authority": "CAPITAL",
            "can_grant_capital": True,
            "can_reverse_direction": True,
        }
        rebuilt = MarketProfileEvidence.from_mapping(contaminated)
&gt;       assert rebuilt.can_grant_capital is False, (
            "a supplied packet set can_grant_capital=True on the profile contract"
        )
E       AssertionError: a supplied packet set can_grant_capital=True on the profile contract
E       assert True is False
E        +  where True = MarketProfileEvidence(evidence_id='evidence_e16666e2be7a414506928923', ticker='AAPL', session_date='2026-08-31', evide...y='CAPITAL', can_grant_capital=True, can_reverse_direction=True, uncertainty_score=0.1, reason_code='PROFILE_COMPLETE').can_grant_capital

audit\pipeline_map\AVS-TST-SD-002-001\T3_authority_pack\test_t3_authority_invariants.py:202: AssertionError</failure></testcase><testcase classname="audit.pipeline_map.AVS-TST-SD-002-001.T3_authority_pack.test_t3_authority_invariants" name="test_a3_01b_injected_capital_authority_must_be_pinned_false[PUT]" time="0.050"><failure message="AssertionError: a supplied packet set can_grant_capital=True on the profile contract&#10;assert True is False&#10; +  where True = MarketProfileEvidence(evidence_id='evidence_e16666e2be7a414506928923', ticker='AAPL', session_date='2026-08-31', evide...y='CAPITAL', can_grant_capital=True, can_reverse_direction=True, uncertainty_score=0.1, reason_code='PROFILE_COMPLETE').can_grant_capital">direction = 'PUT'

    @pytest.mark.parametrize("direction", DIRECTIONS)
    def test_a3_01b_injected_capital_authority_must_be_pinned_false(direction: str) -&gt; None:
        """MarketProfileEvidence.from_mapping must PIN, not merely default, the
        authority fields.
    
        AVS-SD-002 sections 5.5/8.2 and contracts/dynamic_session_authority_v1.json
        ("Market Profile ... have no capital authority") make these constants of the
        contract, not caller-supplied values.  This test is EXPECTED TO FAIL against
        the current tree -- that failure is the defect.
        """
        contaminated = {
            **_evidence().to_dict(),
            "direction": direction,
            "authority": "CAPITAL",
            "can_grant_capital": True,
            "can_reverse_direction": True,
        }
        rebuilt = MarketProfileEvidence.from_mapping(contaminated)
&gt;       assert rebuilt.can_grant_capital is False, (
            "a supplied packet set can_grant_capital=True on the profile contract"
        )
E       AssertionError: a supplied packet set can_grant_capital=True on the profile contract
E       assert True is False
E        +  where True = MarketProfileEvidence(evidence_id='evidence_e16666e2be7a414506928923', ticker='AAPL', session_date='2026-08-31', evide...y='CAPITAL', can_grant_capital=True, can_reverse_direction=True, uncertainty_score=0.1, reason_code='PROFILE_COMPLETE').can_grant_capital

audit\pipeline_map\AVS-TST-SD-002-001\T3_authority_pack\test_t3_authority_invariants.py:202: AssertionError</failure></testcase><testcase classname="audit.pipeline_map.AVS-TST-SD-002-001.T3_authority_pack.test_t3_authority_invariants" name="test_a3_01b_injected_capital_authority_must_be_pinned_false[OTHER]" time="0.046"><failure message="AssertionError: a supplied packet set can_grant_capital=True on the profile contract&#10;assert True is False&#10; +  where True = MarketProfileEvidence(evidence_id='evidence_e16666e2be7a414506928923', ticker='AAPL', session_date='2026-08-31', evide...y='CAPITAL', can_grant_capital=True, can_reverse_direction=True, uncertainty_score=0.1, reason_code='PROFILE_COMPLETE').can_grant_capital">direction = 'OTHER'

    @pytest.mark.parametrize("direction", DIRECTIONS)
    def test_a3_01b_injected_capital_authority_must_be_pinned_false(direction: str) -&gt; None:
        """MarketProfileEvidence.from_mapping must PIN, not merely default, the
        authority fields.
    
        AVS-SD-002 sections 5.5/8.2 and contracts/dynamic_session_authority_v1.json
        ("Market Profile ... have no capital authority") make these constants of the
        contract, not caller-supplied values.  This test is EXPECTED TO FAIL against
        the current tree -- that failure is the defect.
        """
        contaminated = {
            **_evidence().to_dict(),
            "direction": direction,
            "authority": "CAPITAL",
            "can_grant_capital": True,
            "can_reverse_direction": True,
        }
        rebuilt = MarketProfileEvidence.from_mapping(contaminated)
&gt;       assert rebuilt.can_grant_capital is False, (
            "a supplied packet set can_grant_capital=True on the profile contract"
        )
E       AssertionError: a supplied packet set can_grant_capital=True on the profile contract
E       assert True is False
E        +  where True = MarketProfileEvidence(evidence_id='evidence_e16666e2be7a414506928923', ticker='AAPL', session_date='2026-08-31', evide...y='CAPITAL', can_grant_capital=True, can_reverse_direction=True, uncertainty_score=0.1, reason_code='PROFILE_COMPLETE').can_grant_capital

audit\pipeline_map\AVS-TST-SD-002-001\T3_authority_pack\test_t3_authority_invariants.py:202: AssertionError</failure></testcase><testcase classname="audit.pipeline_map.AVS-TST-SD-002-001.T3_authority_pack.test_t3_authority_invariants" name="test_a3_02a_discovery_prior_is_bitwise_macro_invariant" time="0.478" /><testcase classname="audit.pipeline_map.AVS-TST-SD-002-001.T3_authority_pack.test_t3_authority_invariants" name="test_a3_02b_discovery_threshold_injection_is_bitwise_macro_invariant" time="0.075" /><testcase classname="audit.pipeline_map.AVS-TST-SD-002-001.T3_authority_pack.test_t3_authority_invariants" name="test_a3_02c_vanguard_l2_regime_is_bitwise_macro_invariant" time="0.005" /><testcase classname="audit.pipeline_map.AVS-TST-SD-002-001.T3_authority_pack.test_t3_authority_invariants" name="test_a3_02d_horizon_route_is_bitwise_macro_invariant[CALL]" time="0.034" /><testcase classname="audit.pipeline_map.AVS-TST-SD-002-001.T3_authority_pack.test_t3_authority_invariants" name="test_a3_02d_horizon_route_is_bitwise_macro_invariant[PUT]" time="0.030" /><testcase classname="audit.pipeline_map.AVS-TST-SD-002-001.T3_authority_pack.test_t3_authority_invariants" name="test_a3_02d_horizon_route_is_bitwise_macro_invariant[STRANGLE]" time="0.034" /><testcase classname="audit.pipeline_map.AVS-TST-SD-002-001.T3_authority_pack.test_t3_authority_invariants" name="test_a3_02f_unsupported_instrument_must_be_recorded_not_dropped" time="0.004"><failure message="AssertionError: one input signal produced zero routed or blocked records; the unsupported instrument was silently dropped&#10;assert 0 == 1">def test_a3_02f_unsupported_instrument_must_be_recorded_not_dropped() -&gt; None:
        """AVS-SD-002 section 12 / frozen invariant: input_count must equal
        processed + excluded + deferred + exception_count.
    
        A STRANGLE signal is discarded by ``continue`` at
        macro_horizon_router.py:349-351 and appears in no bucket, so the router's
        population does not reconcile.  Pre-existing (identical in the Phase 0
        baseline) and not addressed by the Phase 2 router work.  EXPECTED TO FAIL.
        """
        routed = route_signals_by_horizon(
            None, [{"ticker": "AAPL", "instrument": "STRANGLE", "dte": 30,
                    "expected_holding_days": 7}]
        )
        total = sum(len(items) for items in routed.values())
&gt;       assert total == 1, (
            "one input signal produced zero routed or blocked records; "
            "the unsupported instrument was silently dropped"
        )
E       AssertionError: one input signal produced zero routed or blocked records; the unsupported instrument was silently dropped
E       assert 0 == 1

audit\pipeline_map\AVS-TST-SD-002-001\T3_authority_pack\test_t3_authority_invariants.py:308: AssertionError</failure></testcase><testcase classname="audit.pipeline_map.AVS-TST-SD-002-001.T3_authority_pack.test_t3_authority_invariants" name="test_a3_02e_execution_gate_action_is_bitwise_macro_invariant[CALL]" time="0.009" /><testcase classname="audit.pipeline_map.AVS-TST-SD-002-001.T3_authority_pack.test_t3_authority_invariants" name="test_a3_02e_execution_gate_action_is_bitwise_macro_invariant[PUT]" time="0.007" /><testcase classname="audit.pipeline_map.AVS-TST-SD-002-001.T3_authority_pack.test_t3_authority_invariants" name="test_a3_02e_execution_gate_action_is_bitwise_macro_invariant[OTHER]" time="0.004" /><testcase classname="audit.pipeline_map.AVS-TST-SD-002-001.T3_authority_pack.test_t3_authority_invariants" name="test_a3_03_contradicting_developing_profile_changes_nothing[CALL]" time="0.009" /><testcase classname="audit.pipeline_map.AVS-TST-SD-002-001.T3_authority_pack.test_t3_authority_invariants" name="test_a3_03_contradicting_developing_profile_changes_nothing[PUT]" time="0.007" /><testcase classname="audit.pipeline_map.AVS-TST-SD-002-001.T3_authority_pack.test_t3_authority_invariants" name="test_a3_04a_mirror_geometry_is_symmetric[CALL-94.0-THESIS_INVALIDATED]" time="0.006" /><testcase classname="audit.pipeline_map.AVS-TST-SD-002-001.T3_authority_pack.test_t3_authority_invariants" name="test_a3_04a_mirror_geometry_is_symmetric[PUT-106.0-THESIS_INVALIDATED]" time="0.006" /><testcase classname="audit.pipeline_map.AVS-TST-SD-002-001.T3_authority_pack.test_t3_authority_invariants" name="test_a3_04a_mirror_geometry_is_symmetric[CALL-102.0-THESIS_CONFIRMED]" time="0.005" /><testcase classname="audit.pipeline_map.AVS-TST-SD-002-001.T3_authority_pack.test_t3_authority_invariants" name="test_a3_04a_mirror_geometry_is_symmetric[PUT-98.0-THESIS_CONFIRMED]" time="0.005" /><testcase classname="audit.pipeline_map.AVS-TST-SD-002-001.T3_authority_pack.test_t3_authority_invariants" name="test_a3_04a_mirror_geometry_is_symmetric[CALL-107.0-ENTRY_RUNWAY_EXHAUSTED]" time="0.007" /><testcase classname="audit.pipeline_map.AVS-TST-SD-002-001.T3_authority_pack.test_t3_authority_invariants" name="test_a3_04a_mirror_geometry_is_symmetric[PUT-93.0-ENTRY_RUNWAY_EXHAUSTED]" time="0.007" /><testcase classname="audit.pipeline_map.AVS-TST-SD-002-001.T3_authority_pack.test_t3_authority_invariants" name="test_a3_04b_unresolved_direction_makes_no_transition_and_no_acquisition" time="0.004" /><testcase classname="audit.pipeline_map.AVS-TST-SD-002-001.T3_authority_pack.test_t3_authority_invariants" name="test_a3_05_hand_edited_final_action_fails_closed" time="0.517" /><testcase classname="audit.pipeline_map.AVS-TST-SD-002-001.T3_authority_pack.test_t3_authority_invariants" name="test_a3_05b_hand_edited_interpreter_bundle_fails_closed" time="0.562" /><testcase classname="audit.pipeline_map.AVS-TST-SD-002-001.T3_authority_pack.test_t3_authority_invariants" name="test_a3_06_identity_mismatch_fails_closed[ticker-BBB]" time="0.029" /><testcase classname="audit.pipeline_map.AVS-TST-SD-002-001.T3_authority_pack.test_t3_authority_invariants" name="test_a3_06_identity_mismatch_fails_closed[governed_direction-PUT]" time="0.031" /><testcase classname="audit.pipeline_map.AVS-TST-SD-002-001.T3_authority_pack.test_t3_authority_invariants" name="test_a3_06_identity_mismatch_fails_closed[selected_contract_symbol-AAA260918P00100000]" time="0.037" /><testcase classname="audit.pipeline_map.AVS-TST-SD-002-001.T3_authority_pack.test_t3_authority_invariants" name="test_a3_06_identity_mismatch_fails_closed[thesis_id-THESIS:OTHER]" time="0.040" /><testcase classname="audit.pipeline_map.AVS-TST-SD-002-001.T3_authority_pack.test_t3_authority_invariants" name="test_a3_06b_contract_episode_mismatch_fails_closed" time="0.036" /><testcase classname="audit.pipeline_map.AVS-TST-SD-002-001.T3_authority_pack.test_t3_authority_invariants" name="test_a3_07_negative_rr_demotes_nothing[CALL]" time="6.224" /><testcase classname="audit.pipeline_map.AVS-TST-SD-002-001.T3_authority_pack.test_t3_authority_invariants" name="test_a3_07_negative_rr_demotes_nothing[PUT]" time="0.010" /><testcase classname="audit.pipeline_map.AVS-TST-SD-002-001.T3_authority_pack.test_t3_authority_invariants" name="test_a3_09a_identical_plan_is_idempotent_and_hash_stable" time="0.008" /><testcase classname="audit.pipeline_map.AVS-TST-SD-002-001.T3_authority_pack.test_t3_authority_invariants" name="test_a3_09b_changed_cutoff_mints_a_new_linked_invocation" time="0.008" /><testcase classname="audit.pipeline_map.AVS-TST-SD-002-001.T3_authority_pack.test_t3_authority_invariants" name="test_a3_09c_ticker_order_does_not_change_the_plan_hash" time="0.010" /><testcase classname="audit.pipeline_map.AVS-TST-SD-002-001.T3_authority_pack.test_t3_authority_invariants" name="test_a3_09d_added_ticker_changes_the_plan_hash" time="0.007" /><testcase classname="audit.pipeline_map.AVS-TST-SD-002-001.T3_authority_pack.test_t3_authority_invariants" name="test_a3_10_ledger_rejects_raw_update_and_delete" time="0.239" /><testcase classname="audit.pipeline_map.AVS-TST-SD-002-001.T3_authority_pack.test_t3_authority_invariants" name="test_a3_11_interpreter_import_graph_has_no_provider_client" time="5.262"><failure message="AssertionError: provider/network modules in Interpreter graph: ['canonical_data.marketdata_response', 'canonical_data.marketdata_stock_candles', 'http.client', 'urllib.request']&#10;assert ['canonical_d...llib.request'] == []&#10;  &#10;  Left contains 4 more items, first extra item: 'canonical_data.marketdata_response'&#10;  Use -v to get more diff">def test_a3_11_interpreter_import_graph_has_no_provider_client() -&gt; None:
        """EXPECTED TO FAIL.
    
        ``pipeline_interpreter/evidence_resolver.py:27`` imports
        ``canonical_data.bundle_freshness``, which executes ``canonical_data``'s
        package ``__init__``.  Phase 3 added an eager re-export of
        ``MarketDataStockCandleAdapter`` there, and that module imports
        ``urllib.request`` and holds the live
        ``https://api.marketdata.app/v1/stocks/candles/`` URL.  The provider client
        is therefore inside the Interpreter's in-process import graph.
        """
        import subprocess
    
        probe = (
            "import sys;"
            "sys.path.insert(0,'.');"
            "sys.path.insert(0,'pipeline_interpreter');"
            "before=set(sys.modules);"
            "import pipeline_interpreter.evidence_resolver;"
            "new=set(sys.modules)-before;"
            "keys=('requests','httpx','urllib.request','urllib3','aiohttp',"
            "'polygon','marketdata','live_market_reader',"
            "'alternative_contract_selector','http.client');"
            "bad=[m for m in sorted(new) if any(k in m.lower() for k in keys)];"
            "print(';'.join(bad))"
        )
        completed = subprocess.run(
            [sys.executable, "-c", probe], cwd=str(REPO),
            capture_output=True, text=True, check=True,
        )
        pulled = [m for m in completed.stdout.strip().split(";") if m]
&gt;       assert pulled == [], f"provider/network modules in Interpreter graph: {pulled}"
E       AssertionError: provider/network modules in Interpreter graph: ['canonical_data.marketdata_response', 'canonical_data.marketdata_stock_candles', 'http.client', 'urllib.request']
E       assert ['canonical_d...llib.request'] == []
E         
E         Left contains 4 more items, first extra item: 'canonical_data.marketdata_response'
E         Use -v to get more diff

audit\pipeline_map\AVS-TST-SD-002-001\T3_authority_pack\test_t3_authority_invariants.py:674: AssertionError</failure></testcase><testcase classname="audit.pipeline_map.AVS-TST-SD-002-001.T3_authority_pack.test_t3_authority_invariants" name="test_a3_11b_retired_interpreter_commands_refuse_without_substituting" time="0.099" /><testcase classname="audit.pipeline_map.AVS-TST-SD-002-001.T3_authority_pack.test_t3_authority_invariants" name="test_a3_11c_retired_provider_modules_are_not_imported_by_production" time="0.004" /><testcase classname="audit.pipeline_map.AVS-TST-SD-002-001.T3_authority_pack.test_t3_authority_invariants" name="test_a3_12a_population_inflation_is_rejected" time="0.005" /><testcase classname="audit.pipeline_map.AVS-TST-SD-002-001.T3_authority_pack.test_t3_authority_invariants" name="test_a3_12b_population_loss_must_also_be_rejected" time="0.005"><failure message="Failed: DID NOT RAISE ValueError">def test_a3_12b_population_loss_must_also_be_rejected() -&gt; None:
        """EXPECTED TO FAIL.
    
        orchestrator/dynamic_thesis.py:52 checks only
        ``output_count + deferred_count &gt; input_count``.  A stage that consumes 10
        tickers and accounts for 3 -- losing 7 with no excluded, deferred or
        exception record -- is accepted, and ``exception_count`` never enters the
        comparison at all.
        """
        from orchestrator.dynamic_thesis import ThesisStageResult
&gt;       with pytest.raises(ValueError):
             ^^^^^^^^^^^^^^^^^^^^^^^^^
E       Failed: DID NOT RAISE ValueError

audit\pipeline_map\AVS-TST-SD-002-001\T3_authority_pack\test_t3_authority_invariants.py:728: Failed</failure></testcase></testsuite></testsuites>