<?xml version="1.0" encoding="utf-8"?><testsuites name="pytest tests"><testsuite name="pytest" errors="0" failures="2" skipped="0" tests="241" time="82.334" timestamp="2026-09-03T09:22:26.351972+01:00" hostname="DESKTOP-H1QMFF2"><testcase classname="tests.test_canonical_data_system.CanonicalDataSystemTests" name="test_atomic_interruption_preserves_old_payload_and_cleans_temp" time="0.419" /><testcase classname="tests.test_canonical_data_system.CanonicalDataSystemTests" name="test_atomic_store_reuses_identical_and_rejects_conflicts" time="0.228" /><testcase classname="tests.test_canonical_data_system.CanonicalDataSystemTests" name="test_cds3_discovery_publication_is_reconciled_and_idempotent" time="0.863" /><testcase classname="tests.test_canonical_data_system.CanonicalDataSystemTests" name="test_cds3_discovery_publication_rejects_unclassified_input" time="0.127" /><testcase classname="tests.test_canonical_data_system.CanonicalDataSystemTests" name="test_cds3_dropped_sentinel_cannot_reenter_or_create_request" time="0.375" /><testcase classname="tests.test_canonical_data_system.CanonicalDataSystemTests" name="test_cds3_gateway_requires_persisted_stage_worklist_when_enforced" time="0.506" /><testcase classname="tests.test_canonical_data_system.CanonicalDataSystemTests" name="test_cds3_orchestrator_shadow_publication_writes_run_report" time="0.863" /><testcase classname="tests.test_canonical_data_system.CanonicalDataSystemTests" name="test_cds3_stage_outcomes_and_join_boundary_fail_closed" time="0.143" /><testcase classname="tests.test_canonical_data_system.CanonicalDataSystemTests" name="test_feature_flags_default_off_and_parse_explicit_environment" time="0.127" /><testcase classname="tests.test_canonical_data_system.CanonicalDataSystemTests" name="test_gateway_authorised_cache_has_zero_physical_requests" time="0.473" /><testcase classname="tests.test_canonical_data_system.CanonicalDataSystemTests" name="test_gateway_cache_miss_is_not_counted_as_provider_fetch" time="0.448" /><testcase classname="tests.test_canonical_data_system.CanonicalDataSystemTests" name="test_gateway_disabled_default_and_records_denied_request" time="0.245" /><testcase classname="tests.test_canonical_data_system.CanonicalDataSystemTests" name="test_identical_dataset_is_reusable_across_runs_without_rewriting_origin" time="0.280" /><testcase classname="tests.test_canonical_data_system.CanonicalDataSystemTests" name="test_lifecycle_blocks_drop_and_requires_explicit_reactivation" time="0.473" /><testcase classname="tests.test_canonical_data_system.CanonicalDataSystemTests" name="test_lifecycle_rejects_stale_version_and_filters_worklist" time="0.602" /><testcase classname="tests.test_canonical_data_system.CanonicalDataSystemTests" name="test_parquet_promotion_checks_hash_and_is_atomic" time="0.217" /><testcase classname="tests.test_canonical_data_system.CanonicalDataSystemTests" name="test_registry_preserves_provenance_and_content_identity" time="0.208" /><testcase classname="tests.test_canonical_data_system.CanonicalDataSystemTests" name="test_registry_resolves_exact_superset_partial_and_stale_miss" time="0.352" /><testcase classname="tests.test_canonical_data_system.CanonicalDataSystemTests" name="test_registry_schema_validates_and_supports_concurrent_clients" time="1.078" /><testcase classname="tests.test_canonical_data_system.CanonicalDataSystemTests" name="test_request_ledger_separates_blocked_and_physical_requests" time="0.509" /><testcase classname="tests.test_canonical_data_system.CanonicalDataSystemTests" name="test_scope_is_normalised_hash_stable_and_supports_coverage" time="0.169" /><testcase classname="tests.test_cds2_historical_prices.HistoricalPriceDatabaseTests" name="test_active_read_rejects_stale_history_but_refresh_code_can_inspect_it" time="0.352" /><testcase classname="tests.test_cds2_historical_prices.HistoricalPriceDatabaseTests" name="test_backfill_direct_script_launch_can_import_canonical_data" time="2.132"><failure message="AssertionError: 1 != 0 : Traceback (most recent call last):&#10;  File &quot;C:\Users\ACKVerissimo\AVSHUNTER-Intelligence\scripts\backfill_timeseries_into_packages.py&quot;, line 51, in &lt;module&gt;&#10;    import pandas as pd&#10;ModuleNotFoundError: No module named 'pandas'">self = &lt;test_cds2_historical_prices.HistoricalPriceDatabaseTests testMethod=test_backfill_direct_script_launch_can_import_canonical_data&gt;

    def test_backfill_direct_script_launch_can_import_canonical_data(self) -&gt; None:
        self.database.ingest(
            "BP", recent_bars(), provider="POLYGON", source_kind="PROVIDER_FETCH"
        )
        packages = self.temp_path / "packages"
        packages.mkdir()
        package_path = packages / "BP.package.json"
        package_path.write_text(
            json.dumps({"ticker": "BP", "run_id": "CDS2_IMPORT_TEST"}),
            encoding="utf-8",
        )
        (packages / "index.json").write_text(
            json.dumps({
                "packages": [{
                    "ticker": "BP",
                    "status": "BUILT",
                    "package_path": str(package_path),
                }]
            }),
            encoding="utf-8",
        )
    
        environment = os.environ.copy()
        environment.pop("PYTHONPATH", None)
        environment.update({
            "AVSHUNTER_CANONICAL_DATA_ENABLED": "1",
            "AVSHUNTER_CANONICAL_WRITE_THROUGH": "1",
            "AVSHUNTER_CDS2_OHLCV_MODE": "ACTIVE",
            "AVSHUNTER_HISTORICAL_PRICE_DB": str(self.path),
        })
        result = subprocess.run(
            [
                sys.executable,
                str(ROOT / "scripts" / "backfill_timeseries_into_packages.py"),
                "--packages-dir", str(packages),
                "--min-bars", "2",
            ],
            cwd=self.temp_path,
            env=environment,
            capture_output=True,
            text=True,
            check=False,
        )
    
&gt;       self.assertEqual(result.returncode, 0, result.stdout + result.stderr)
E       AssertionError: 1 != 0 : Traceback (most recent call last):
E         File "C:\Users\ACKVerissimo\AVSHUNTER-Intelligence\scripts\backfill_timeseries_into_packages.py", line 51, in &lt;module&gt;
E           import pandas as pd
E       ModuleNotFoundError: No module named 'pandas'

tests\test_cds2_historical_prices.py:436: AssertionError</failure></testcase><testcase classname="tests.test_cds2_historical_prices.HistoricalPriceDatabaseTests" name="test_direct_orchestrator_evening_command_activates_cds_runtime" time="7.876" /><testcase classname="tests.test_cds2_historical_prices.HistoricalPriceDatabaseTests" name="test_incremental_adapter_fetches_tail_once_then_reuses_database" time="0.253" /><testcase classname="tests.test_cds2_historical_prices.HistoricalPriceDatabaseTests" name="test_initial_fetch_inserts_and_replay_does_not_duplicate" time="0.262" /><testcase classname="tests.test_cds2_historical_prices.HistoricalPriceDatabaseTests" name="test_new_tail_is_appended_and_price_revision_is_audited" time="0.280" /><testcase classname="tests.test_cds2_historical_prices.HistoricalPriceDatabaseTests" name="test_partial_session_is_stored_but_excluded_from_default_reads" time="0.268" /><testcase classname="tests.test_cds2_historical_prices.HistoricalPriceDatabaseTests" name="test_production_launchers_enable_write_through_and_active_reads" time="0.116" /><testcase classname="tests.test_cds2_historical_prices.HistoricalPriceDatabaseTests" name="test_production_launchers_fall_back_to_a_usable_python_and_validate_flags" time="2.196"><failure message="AssertionError: 2 != 0 : [ERROR] No usable Python interpreter was found.&#10;        The interpreter must import pandas and pyarrow.">self = &lt;test_cds2_historical_prices.HistoricalPriceDatabaseTests testMethod=test_production_launchers_fall_back_to_a_usable_python_and_validate_flags&gt;

    @unittest.skipUnless(os.name == "nt", "Windows batch launcher regression")
    def test_production_launchers_fall_back_to_a_usable_python_and_validate_flags(self) -&gt; None:
        for launcher_name in ("run_evening.bat", "run_premarket.bat"):
            result = subprocess.run(
                [
                    "cmd.exe", "/d", "/c", str(ROOT / launcher_name),
                    "--cds-launcher-self-test",
                ],
                cwd=ROOT,
                stdout=subprocess.PIPE,
                stderr=subprocess.STDOUT,
                text=True,
                timeout=90,
                check=False,
            )
&gt;           self.assertEqual(result.returncode, 0, result.stdout)
E           AssertionError: 2 != 0 : [ERROR] No usable Python interpreter was found.
E                   The interpreter must import pandas and pyarrow.

tests\test_cds2_historical_prices.py:351: AssertionError</failure></testcase><testcase classname="tests.test_cds2_historical_prices.HistoricalPriceDatabaseTests" name="test_schema_and_health_are_valid" time="0.188" /><testcase classname="tests.test_cds2_historical_prices.HistoricalPriceDatabaseTests" name="test_shadow_observation_never_replaces_legacy_frame" time="0.209" /><testcase classname="tests.test_cds2_historical_prices.HistoricalPriceDatabaseTests" name="test_short_canonical_history_fetches_full_range_not_empty_tail" time="0.413" /><testcase classname="tests.test_cds2_historical_prices.HistoricalPriceDatabaseTests" name="test_stale_canonical_backfill_fetches_only_tail_then_reuses_full_database" time="0.487" /><testcase classname="tests.test_cds2_historical_prices.HistoricalPriceDatabaseTests" name="test_write_through_is_off_by_default_and_active_when_explicit" time="0.163" /><testcase classname="tests.test_cds4_option_chain_store.CDS4OptionChainStoreTests" name="test_completed_session_comes_from_governed_bar_asof" time="0.006" /><testcase classname="tests.test_cds4_option_chain_store.CDS4OptionChainStoreTests" name="test_marketdata_chain_writes_once_then_same_session_cache_hits" time="1.072" /><testcase classname="tests.test_cds4_option_chain_store.CDS4OptionChainStoreTests" name="test_marketdata_empty_stands_down_without_polygon_request" time="0.497" /><testcase classname="tests.test_cds4_option_chain_store.CDS4OptionChainStoreTests" name="test_non_worklisted_ticker_is_blocked_before_callback" time="0.413" /><testcase classname="tests.test_cds4_option_chain_store.CDS4OptionChainStoreTests" name="test_offline_replay_cache_miss_never_calls_provider" time="0.341" /><testcase classname="tests.test_cds4_option_chain_store.CDS4OptionChainStoreTests" name="test_options_worklist_excludes_equity_only_and_reconciles" time="0.378" /><testcase classname="tests.test_cds4_option_chain_store.CDS4OptionChainStoreTests" name="test_provider_payload_must_match_completed_session" time="0.448" /><testcase classname="tests.test_cds4_option_chain_store.CDS4OptionChainStoreTests" name="test_provider_payload_requires_quote_timestamp_coverage" time="1.087" /><testcase classname="tests.test_direction_governance_contract" name="test_options_intelligence_direct_launch_resolves_repository_packages" time="9.741" /><testcase classname="tests.test_direction_governance_contract" name="test_discovery_ambiguity_never_defaults_to_call" time="0.004" /><testcase classname="tests.test_direction_governance_contract" name="test_structural_direction_table_is_closed_and_symmetric" time="0.003" /><testcase classname="tests.test_direction_governance_contract" name="test_non_directional_resolution_requires_two_independent_families" time="0.009" /><testcase classname="tests.test_direction_governance_contract" name="test_resolution_policy_is_mirror_symmetric" time="0.005" /><testcase classname="tests.test_direction_governance_contract" name="test_confirmed_structure_cannot_be_overwritten_by_other_evidence" time="0.004" /><testcase classname="tests.test_direction_governance_contract" name="test_no_catalyst_placeholder_bias_is_not_resolution_evidence" time="0.004" /><testcase classname="tests.test_direction_governance_contract" name="test_catalyst_direction_without_independent_provenance_is_excluded" time="0.006" /><testcase classname="tests.test_direction_governance_contract" name="test_direction_record_hash_and_flat_fields_are_enforced" time="0.005" /><testcase classname="tests.test_direction_governance_contract" name="test_options_success_and_stand_down_handoffs_both_publish_direction_lineage" time="0.013" /><testcase classname="tests.test_direction_governance_contract" name="test_direction_record_enforces_target_invalidation_and_contract_side" time="0.005" /><testcase classname="tests.test_direction_governance_contract" name="test_options_stage_leaves_wait_unresolved_without_contract_strategy" time="0.008" /><testcase classname="tests.test_direction_governance_contract" name="test_unresolved_direction_suppresses_option_chain_request" time="0.013" /><testcase classname="tests.test_direction_governance_contract" name="test_eod_consumes_gdr_and_invalidates_wrong_side_contract" time="0.005" /><testcase classname="tests.test_direction_governance_contract" name="test_execution_gate_blocks_invalid_direction_before_monetisability" time="0.003" /><testcase classname="tests.test_direction_governance_contract" name="test_morning_gate_routes_unresolved_direction_to_stand_down" time="0.016" /><testcase classname="tests.test_direction_governance_contract" name="test_contract_version_is_explicit" time="0.004" /><testcase classname="tests.test_governed_states" name="test_cross_stage_data_state_vocabulary_is_unique_and_stable" time="0.003" /><testcase classname="tests.test_governed_states" name="test_lifecycle_non_directional_and_correction_states_are_canonical" time="0.003" /><testcase classname="tests.test_cycle2_governance" name="test_eod_invalidation_uses_only_governed_direction_correct_level" time="0.004" /><testcase classname="tests.test_cycle2_governance" name="test_eod_non_directional_exit_plan_is_explicitly_not_applicable" time="0.004" /><testcase classname="tests.test_cycle2_governance" name="test_exit_rules_do_not_consume_legacy_stop_aliases" time="0.002" /><testcase classname="tests.test_cycle2_governance" name="test_morning_invalidation_fails_closed_for_missing_and_non_directional" time="0.004" /><testcase classname="tests.test_option_liquidity_lifecycle.OptionLiquidityLifecycleTests" name="test_active_monitor_reuses_fresh_data_and_fetches_only_missing_or_stale" time="0.408" /><testcase classname="tests.test_option_liquidity_lifecycle.OptionLiquidityLifecycleTests" name="test_corrected_thesis_supersedes_legacy_event_without_mutation" time="0.286" /><testcase classname="tests.test_option_liquidity_lifecycle.OptionLiquidityLifecycleTests" name="test_eod_terminal_result_persists_observation_before_closure_and_replays" time="0.549" /><testcase classname="tests.test_option_liquidity_lifecycle.OptionLiquidityLifecycleTests" name="test_executable_quote_leaves_pending_worklist_but_is_refetched_when_stale" time="0.484" /><testcase classname="tests.test_option_liquidity_lifecycle.OptionLiquidityLifecycleTests" name="test_morning_marketdata_quotes_append_without_a_second_database" time="1.256" /><testcase classname="tests.test_option_liquidity_lifecycle.OptionLiquidityLifecycleTests" name="test_morning_persistence_reuses_msi_exact_quote_dataset" time="0.467" /><testcase classname="tests.test_option_liquidity_lifecycle.OptionLiquidityLifecycleTests" name="test_observation_identity_is_idempotent_and_conflicts_fail_closed" time="0.391" /><testcase classname="tests.test_option_liquidity_lifecycle.OptionLiquidityLifecycleTests" name="test_observations_require_marketdata_canonical_provenance" time="0.334" /><testcase classname="tests.test_option_liquidity_lifecycle.OptionLiquidityLifecycleTests" name="test_options_persistence_links_corrected_olm2_to_legacy_terminal" time="0.402" /><testcase classname="tests.test_option_liquidity_lifecycle.OptionLiquidityLifecycleTests" name="test_partial_supersession_lineage_fails_closed" time="0.199" /><testcase classname="tests.test_option_liquidity_lifecycle.OptionLiquidityLifecycleTests" name="test_same_provider_quote_reuses_observation_across_canonical_wrappers" time="0.419" /><testcase classname="tests.test_option_liquidity_lifecycle.OptionLiquidityLifecycleTests" name="test_same_timestamp_with_changed_quote_content_still_fails_closed" time="0.425" /><testcase classname="tests.test_option_liquidity_lifecycle.OptionLiquidityLifecycleTests" name="test_schema_extends_existing_registry_without_new_database" time="0.245" /><testcase classname="tests.test_option_liquidity_lifecycle.OptionLiquidityLifecycleTests" name="test_selection_change_requires_exact_economics_recomputation" time="0.527" /><testcase classname="tests.test_option_liquidity_lifecycle.OptionLiquidityLifecycleTests" name="test_terminal_drop_stops_monitoring_and_future_fetch" time="0.485" /><testcase classname="tests.test_option_liquidity_lifecycle.OptionLiquidityLifecycleTests" name="test_thesis_events_are_append_only_idempotent_and_versioned" time="0.503" /><testcase classname="tests.test_options_liquidity_lifecycle" name="test_call_and_put_price_moneyness_are_directionally_mirrored" time="0.004" /><testcase classname="tests.test_options_liquidity_lifecycle" name="test_governed_absolute_delta_bands[0.19-FAR_OTM_LT_020-REJECT_FAR_OTM]" time="0.007" /><testcase classname="tests.test_options_liquidity_lifecycle" name="test_governed_absolute_delta_bands[0.2-DEVELOPING_OTM_020_035-MONITOR_OTM_MATURATION]" time="0.006" /><testcase classname="tests.test_options_liquidity_lifecycle" name="test_governed_absolute_delta_bands[0.35-NEAR_ATM_035_060-PREFERRED_EXECUTION]" time="0.006" /><testcase classname="tests.test_options_liquidity_lifecycle" name="test_governed_absolute_delta_bands[0.6-NEAR_ATM_035_060-PREFERRED_EXECUTION]" time="0.006" /><testcase classname="tests.test_options_liquidity_lifecycle" name="test_governed_absolute_delta_bands[0.61-ITM_060_075-REVIEW_ITM_STOCK_REPLACEMENT]" time="0.005" /><testcase classname="tests.test_options_liquidity_lifecycle" name="test_governed_absolute_delta_bands[0.75-ITM_060_075-REVIEW_ITM_STOCK_REPLACEMENT]" time="0.007" /><testcase classname="tests.test_options_liquidity_lifecycle" name="test_governed_absolute_delta_bands[0.76-DEEP_ITM_GT_075-OUTSIDE_DEFAULT_CONVEXITY_MANDATE]" time="0.006" /><testcase classname="tests.test_options_liquidity_lifecycle" name="test_deep_itm_is_stock_like_not_lottery_geometry" time="0.007" /><testcase classname="tests.test_options_liquidity_lifecycle" name="test_dte_requirement_includes_hold_monitor_and_exit_buffer" time="0.004" /><testcase classname="tests.test_options_liquidity_lifecycle" name="test_dte_requirement_rejects_non_routed_hold_values[0]" time="0.008" /><testcase classname="tests.test_options_liquidity_lifecycle" name="test_dte_requirement_rejects_non_routed_hold_values[7]" time="0.008" /><testcase classname="tests.test_options_liquidity_lifecycle" name="test_dte_requirement_rejects_non_routed_hold_values[8]" time="0.004" /><testcase classname="tests.test_options_liquidity_lifecycle" name="test_dte_requirement_rejects_non_routed_hold_values[15]" time="0.005" /><testcase classname="tests.test_options_liquidity_lifecycle" name="test_dte_requirement_rejects_non_routed_hold_values[100]" time="0.005" /><testcase classname="tests.test_options_liquidity_lifecycle" name="test_runway_rejects_wrong_sided_or_zero_distance_invalidation[CALL-101]" time="0.007" /><testcase classname="tests.test_options_liquidity_lifecycle" name="test_runway_rejects_wrong_sided_or_zero_distance_invalidation[CALL-100]" time="0.006" /><testcase classname="tests.test_options_liquidity_lifecycle" name="test_runway_rejects_wrong_sided_or_zero_distance_invalidation[PUT-99]" time="0.007" /><testcase classname="tests.test_options_liquidity_lifecycle" name="test_runway_rejects_wrong_sided_or_zero_distance_invalidation[PUT-100]" time="0.005" /><testcase classname="tests.test_options_liquidity_lifecycle" name="test_current_tight_fresh_quote_is_executable_without_open_interest_input" time="0.004" /><testcase classname="tests.test_options_liquidity_lifecycle" name="test_zero_bid_is_recoverable_but_not_executable" time="0.004" /><testcase classname="tests.test_options_liquidity_lifecycle" name="test_wide_spread_is_pending_not_terminal_rejection" time="0.005" /><testcase classname="tests.test_options_liquidity_lifecycle" name="test_reviewable_spread_does_not_authorize_execution" time="0.004" /><testcase classname="tests.test_options_liquidity_lifecycle" name="test_missing_displayed_size_can_be_governed_as_recoverable" time="0.003" /><testcase classname="tests.test_options_liquidity_lifecycle" name="test_stale_quote_cannot_be_executable_even_when_spread_is_tight" time="0.003" /><testcase classname="tests.test_options_liquidity_lifecycle" name="test_short_dte_repairs_contract_family_instead_of_invalidating_thesis" time="0.003" /><testcase classname="tests.test_options_liquidity_lifecycle" name="test_no_listed_market_is_terminal" time="0.004" /><testcase classname="tests.test_options_liquidity_lifecycle" name="test_otm_contract_gets_closer_in_sigma_units_as_horizon_expands" time="0.003" /><testcase classname="tests.test_options_liquidity_lifecycle" name="test_call_and_put_expected_move_features_are_mirrored" time="0.003" /><testcase classname="tests.test_options_liquidity_lifecycle" name="test_remaining_runway_distinguishes_confirmation_from_realized_move" time="0.005" /><testcase classname="tests.test_options_liquidity_lifecycle" name="test_large_gap_with_runway_waits_for_pullback" time="0.004" /><testcase classname="tests.test_options_liquidity_lifecycle" name="test_invalidation_is_directionally_mirrored" time="0.003" /><testcase classname="tests.test_options_liquidity_lifecycle" name="test_maturation_scores_are_explicitly_non_authoritative" time="0.004" /><testcase classname="tests.test_options_liquidity_lifecycle" name="test_terminal_or_invalidated_candidates_cannot_receive_maturation_uplift" time="0.004" /><testcase classname="tests.test_options_liquidity_lifecycle" name="test_composite_lifecycle_preserves_illiquid_developing_call" time="0.004" /><testcase classname="tests.test_options_liquidity_lifecycle" name="test_unsupported_multileg_strategy_fails_closed" time="0.003" /><testcase classname="tests.test_long_option_policy" name="test_morning_and_lab_share_one_spread_authority" time="0.004" /><testcase classname="tests.test_long_option_policy" name="test_lab_instruments_come_from_governed_long_option_policy" time="0.003" /><testcase classname="tests.test_selected_contract_economics" name="test_occ_parser_preserves_root_expiry_side_and_decimal_strike" time="0.003" /><testcase classname="tests.test_selected_contract_economics" name="test_single_call_hydration_and_rr_use_the_exact_selected_quote" time="0.004" /><testcase classname="tests.test_selected_contract_economics" name="test_single_put_rr_uses_put_intrinsic_geometry" time="0.004" /><testcase classname="tests.test_selected_contract_economics" name="test_bull_call_vertical_hydrates_both_legs_and_computes_debit_rr" time="0.005" /><testcase classname="tests.test_selected_contract_economics" name="test_bear_put_vertical_orders_higher_strike_as_long_leg" time="0.005" /><testcase classname="tests.test_selected_contract_economics" name="test_declared_vertical_with_only_one_symbol_fails_closed" time="0.005" /><testcase classname="tests.test_selected_contract_economics" name="test_one_missing_vertical_leg_prevents_partial_hydration" time="0.005" /><testcase classname="tests.test_selected_contract_economics" name="test_boolean_target_in_play_is_not_treated_as_a_price_target" time="0.007" /><testcase classname="tests.test_selected_contract_economics" name="test_single_call_monetisability_uses_ask_breakeven_and_target_intrinsic" time="0.005" /><testcase classname="tests.test_selected_contract_economics" name="test_single_put_monetisability_uses_put_breakeven" time="0.006" /><testcase classname="tests.test_selected_contract_economics" name="test_target_that_does_not_clear_breakeven_is_not_monetisable" time="0.004" /><testcase classname="tests.test_selected_contract_economics" name="test_contract_change_recomputes_monetisability_for_the_new_symbol" time="0.007" /><testcase classname="tests.test_execution_monetisability_gate" name="test_monetisable_contract_can_reach_buy_now" time="0.005" /><testcase classname="tests.test_execution_monetisability_gate" name="test_limited_monetisability_caps_action_at_buy_small" time="0.007" /><testcase classname="tests.test_execution_monetisability_gate" name="test_not_monetisable_blocks_when_no_alternative_exists" time="0.006" /><testcase classname="tests.test_execution_monetisability_gate" name="test_not_monetisable_requests_repair_when_an_alternative_exists" time="0.005" /><testcase classname="tests.test_execution_monetisability_gate" name="test_missing_monetisability_data_fails_to_contract_repair" time="0.006" /><testcase classname="tests.test_morning_gate_authority" name="test_go_is_validation_only_and_never_live_authority" time="0.007" /><testcase classname="tests.test_morning_gate_authority" name="test_legacy_nonfinal_source_cannot_reach_morning_go" time="0.005" /><testcase classname="tests.test_morning_gate_authority" name="test_not_authorized_or_watch_only_can_never_upgrade" time="0.007" /><testcase classname="tests.test_morning_gate_authority" name="test_macro_no_go_is_advisory_and_cannot_deny_trade_authority" time="0.006" /><testcase classname="tests.test_morning_gate_authority" name="test_missing_evening_regime_is_diagnostic_not_a_trade_gate" time="0.013" /><testcase classname="tests.test_morning_gate_authority" name="test_macro_sector_rotation_is_direction_aware_and_advisory" time="0.018" /><testcase classname="tests.test_morning_gate_authority" name="test_bond_macro_is_advisory_and_cannot_deny_trade_authority" time="0.011" /><testcase classname="tests.test_morning_gate_authority" name="test_legacy_non_positive_rr_has_no_capital_authority" time="0.006" /><testcase classname="tests.test_morning_gate_authority" name="test_not_monetisable_contract_can_never_go" time="0.006" /><testcase classname="tests.test_morning_gate_authority" name="test_legacy_ev_status_is_advisory_when_premium_rr_is_positive" time="0.007" /><testcase classname="tests.test_morning_gate_authority" name="test_ev3_negative_and_positive_states_are_both_advisory" time="0.009" /><testcase classname="tests.test_morning_gate_authority" name="test_options_blocked_route_is_absorbing" time="0.007" /><testcase classname="tests.test_morning_gate_authority" name="test_zero_score_comparisons_are_not_integrity_pass" time="0.133" /><testcase classname="tests.test_morning_gate_authority" name="test_governed_spread_policy_separates_execute_review_and_block" time="0.011" /><testcase classname="tests.test_morning_gate_authority" name="test_non_long_single_strategy_is_research_only" time="0.007" /><testcase classname="tests.test_morning_gate_authority" name="test_morning_handoff_score_integrity_compares_completed_rows" time="0.003" /><testcase classname="tests.test_morning_gate_authority" name="test_morning_handoff_score_integrity_fails_when_a_ticker_disappears" time="0.004" /><testcase classname="tests.test_morning_gate_authority" name="test_post_lab_score_integrity_reads_preserved_source_payload" time="0.050" /><testcase classname="tests.test_morning_gate_authority" name="test_morning_closure_updates_manifest_without_live_authority" time="0.078" /><testcase classname="tests.test_morning_gate_authority" name="test_passing_morning_integrity_clears_prior_not_evaluated_flag" time="0.079" /><testcase classname="tests.test_morning_market_structure_restart" name="test_market_structure_authority_is_stable_when_go_population_changes" time="0.003" /><testcase classname="tests.test_morning_market_structure_restart" name="test_market_structure_never_calculates_without_live_data" time="0.004" /><testcase classname="tests.test_msi_stage_worklist" name="test_morning_observation_worklist_advances_only_active_tickers" time="0.509" /><testcase classname="tests.test_msi_stage_worklist" name="test_same_run_worklist_cannot_expand_silently" time="0.432" /><testcase classname="tests.test_msi_stage_worklist" name="test_explicit_monotonic_expansion_preserves_existing_authority" time="0.485" /><testcase classname="tests.test_msi_stage_worklist" name="test_monotonic_expansion_never_allows_replacement_or_shrink" time="0.573" /><testcase classname="tests.test_msi_market_structure_identity" name="test_evidence_id_is_sha256_and_cross_run_content_stable" time="0.060" /><testcase classname="tests.test_msi_market_structure_identity" name="test_ordered_input_dataset_ids_change_evidence_identity" time="0.055" /><testcase classname="tests.test_msi_morning_capture" name="test_morning_capture_reuses_fetched_values_without_another_provider_client" time="0.006" /><testcase classname="tests.test_msi_morning_capture" name="test_morning_capture_records_missing_nbbo_without_fabrication" time="0.004" /><testcase classname="tests.test_msi_handoff_materializer" name="test_materializer_publishes_hash_verified_atomic_handoff" time="0.444" /><testcase classname="tests.test_msi_handoff_materializer" name="test_materializer_fails_closed_when_exact_identity_is_missing" time="0.016" /><testcase classname="tests.test_msi_handoff_materializer" name="test_materializer_never_silently_drops_duplicate_tickers" time="0.018" /><testcase classname="tests.test_msi_handoff_materializer" name="test_materializer_rejects_lab_macro_hash_drift" time="0.075" /><testcase classname="tests.test_msi_handoff_materializer" name="test_materializer_rejects_macro_reference_hash_drift" time="0.035" /><testcase classname="tests.test_msi_handoff_materializer" name="test_morning_finalizer_publishes_only_actionable_rows_when_flags_are_active" time="0.413" /><testcase classname="tests.test_msi_handoff_materializer" name="test_prior_session_quote_is_published_as_manual_requote" time="0.289" /><testcase classname="tests.test_msi_handoff_materializer" name="test_same_session_quote_retains_swing_candidate_action" time="0.372" /><testcase classname="tests.test_msi_interpreter_handoff" name="test_atomic_handoff_and_resolver_exact_identity" time="0.263" /><testcase classname="tests.test_msi_interpreter_handoff" name="test_handoff_hash_tamper_fails_closed" time="0.223" /><testcase classname="tests.test_msi_interpreter_handoff" name="test_handoff_rejects_same_ticker_with_different_contract_identity" time="0.290" /><testcase classname="tests.test_msi_interpreter_handoff" name="test_stale_bundle_returns_refresh_requirement_but_makes_no_call" time="0.245" /><testcase classname="tests.test_msi_interpreter_handoff" name="test_assessment_copies_authority_and_rejects_override" time="0.230" /><testcase classname="tests.test_msi_interpreter_handoff" name="test_overlay_cannot_replace_authority" time="0.232" /><testcase classname="tests.test_msi_interpreter_handoff" name="test_macro_packet_is_advisory_and_hash_bound" time="0.285" /><testcase classname="tests.test_msi_interpreter_handoff" name="test_stale_macro_is_visible_but_does_not_block_current_trade_evidence" time="0.285" /><testcase classname="tests.test_msi_interpreter_handoff" name="test_lab_msi_view_contains_all_approved_evidence_groups" time="0.011" /><testcase classname="tests.test_msi_interpreter_handoff" name="test_resolver_source_contains_no_provider_client_or_http_call" time="0.005" /><testcase classname="tests.test_lab_governed_handoff" name="test_alternative_contract_is_not_promoted_to_selected_contract" time="0.208" /><testcase classname="tests.test_lab_governed_handoff" name="test_trigger_quality_never_falls_back_to_numeric_trigger_score" time="0.368" /><testcase classname="tests.test_lab_governed_handoff" name="test_lab_blocks_actionable_row_without_governed_direction_lineage" time="0.133" /><testcase classname="tests.test_lab_governed_handoff" name="test_governed_book_preserves_owned_ev3_trigger_spread_and_garch_fields" time="0.358" /><testcase classname="tests.test_lab_governed_handoff" name="test_cross_contract_ev_is_fail_closed_and_never_populates_selected_contract_ev" time="0.153" /><testcase classname="tests.test_lab_governed_handoff" name="test_exact_contract_ev_and_monetisability_share_one_governed_evaluation_identity" time="0.136" /><testcase classname="tests.test_lab_governed_handoff" name="test_post_merge_rejects_rr_and_quote_fields_from_a_different_contract" time="0.212" /><testcase classname="tests.test_lab_governed_handoff" name="test_legacy_repaired_contract_cannot_inherit_unidentified_rr" time="0.119" /><testcase classname="tests.test_lab_governed_handoff" name="test_browser_prefers_governed_book_and_keeps_governed_fields" time="1.563" /><testcase classname="tests.test_lab_governed_handoff" name="test_governed_projection_supplies_display_aliases_without_granting_eod_entry" time="0.338" /><testcase classname="tests.test_lab_governed_handoff" name="test_post_merge_materialization_recovers_owned_lab_fields" time="0.344" /><testcase classname="tests.test_lab_governed_handoff" name="test_governed_materializer_corrects_legacy_put_wbs_missing_pcr_bonus" time="0.312" /><testcase classname="tests.test_lab_governed_handoff" name="test_copied_wbs_fields_do_not_make_unscored_candidate_look_scored" time="0.235" /><testcase classname="tests.test_lab_governed_handoff" name="test_ui_has_no_synthetic_call_default_and_ev_is_advisory_only" time="0.012" /><testcase classname="tests.test_pipeline_interpreter_trusted_source" name="test_trusted_source_prefers_lab_triage_view" time="0.083" /><testcase classname="tests.test_pipeline_interpreter_trusted_source" name="test_explicit_source_still_wins_when_valid" time="0.072" /><testcase classname="tests.test_pipeline_interpreter_trusted_source" name="test_msi_resolver_disables_all_loose_file_source_fallbacks" time="0.021" /><testcase classname="tests.test_pipeline_interpreter_lab_authority" name="test_lab_and_morning_authority_contract" time="0.003" /><testcase classname="tests.test_pipeline_interpreter_lab_authority" name="test_interpreter_does_not_create_a_second_ev_or_rr_gate" time="0.004" /><testcase classname="tests.test_pipeline_interpreter_lab_authority" name="test_retired_commands_do_not_create_second_data_or_validation_authority" time="0.006" /><testcase classname="tests.test_interpreter_macro_advisory_handoff" name="test_all_canonical_sources_are_snapshotted_and_authority_is_removed" time="0.260" /><testcase classname="tests.test_interpreter_macro_advisory_handoff" name="test_updated_macro_changes_the_source_fingerprint" time="0.231" /><testcase classname="tests.test_interpreter_macro_advisory_handoff" name="test_current_enrichment_contract_builds_ticker_advisories" time="0.164" /><testcase classname="tests.test_interpreter_macro_advisory_handoff" name="test_interpreter_loads_exact_ticker_context_and_rejects_tampering" time="0.182" /><testcase classname="tests.test_interpreter_macro_advisory_handoff" name="test_missing_optional_sidecars_produces_a_packet_not_trade_authority" time="0.129" /><testcase classname="tests.test_handoff_contract" name="test_unknown_cannot_overwrite_confirmed_value" time="0.004" /><testcase classname="tests.test_handoff_contract" name="test_nan_cannot_overwrite_confirmed_value" time="0.004" /><testcase classname="tests.test_handoff_contract" name="test_higher_priority_confirmed_overwrites_lower_inferred" time="0.002" /><testcase classname="tests.test_handoff_contract" name="test_conflicting_confirmed_fields_create_conflict_record" time="0.004" /><testcase classname="tests.test_handoff_contract" name="test_numeric_zero_is_not_missing" time="0.004" /><testcase classname="tests.test_handoff_contract" name="test_to_flat_dict_returns_csv_safe_values" time="0.007" /><testcase classname="tests.test_handoff_contract" name="test_to_json_dict_returns_json_safe_values" time="0.004" /><testcase classname="tests.test_handoff_contract" name="test_merge_preserves_stronger_packet_fields" time="0.007" /><testcase classname="tests.test_handoff_contract" name="test_sovereign_blocked_gate_marks_packet_blocked" time="0.004" /><testcase classname="tests.test_handoff_contract" name="test_validate_required_returns_missing_fields" time="0.005" /><testcase classname="tests.test_handoff_contract" name="test_build_packet_from_sample_candidate_row" time="0.004" /><testcase classname="tests.test_handoff_contract" name="test_eil_blocked_plus_go_is_blocked_or_degraded" time="0.003" /><testcase classname="tests.test_handoff_contract" name="test_final_csv_writer_includes_truth_packet_status_fields" time="0.078" /><testcase classname="tests.test_handoff_contract" name="test_scanner_fields_are_preserved_but_do_not_create_execution_permission" time="0.004" /><testcase classname="tests.test_handoff_contract" name="test_catalyst_and_eod_receipts_are_preserved" time="0.004" /><testcase classname="tests.test_handoff_conflict_guard" name="test_strict_guard_continues_after_execution_row_is_quarantined" time="0.147" /><testcase classname="tests.test_handoff_conflict_guard" name="test_strict_guard_still_blocks_missing_phase2_schema" time="0.100" /><testcase classname="tests.test_pse_retired_authority" name="test_runner_declares_pse_retired" time="0.003" /><testcase classname="tests.test_pse_retired_authority" name="test_retired_overlay_zeroes_size_without_blocking_candidate" time="0.006" /><testcase classname="tests.test_pse_retired_authority" name="test_options_research_block_overrides_legacy_execute_candidate" time="0.004" /><testcase classname="tests.test_pse_retired_authority" name="test_options_research_go_route_can_promote_without_legacy_options_verdict" time="0.004" /><testcase classname="tests.test_pse_retired_authority" name="test_data_missing_remains_not_authorized" time="0.003" /><testcase classname="tests.test_pse_retired_authority" name="test_direct_pse_call_is_retired_by_default" time="0.006" /><testcase classname="tests.test_pse_retired_authority" name="test_dataframe_defang_cannot_reauthorize_data_missing" time="0.074" /><testcase classname="tests.test_pse_retired_authority" name="test_dataframe_defang_keeps_options_blocked_fail_closed" time="0.094" /><testcase classname="tests.test_ws2_trigger_spine" name="test_trigger_handoff_accepts_governed_categories" time="0.004" /><testcase classname="tests.test_ws2_trigger_spine" name="test_trigger_handoff_rejects_numeric_categorical_values[trigger_primary-55]" time="0.006" /><testcase classname="tests.test_ws2_trigger_spine" name="test_trigger_handoff_rejects_numeric_categorical_values[trigger_primary-55.0]" time="0.005" /><testcase classname="tests.test_ws2_trigger_spine" name="test_trigger_handoff_rejects_numeric_categorical_values[trigger_quality-2]" time="0.005" /><testcase classname="tests.test_ws2_trigger_spine" name="test_trigger_layer_output_survives_execution_spine_into_eod_book" time="0.633" /><testcase classname="tests.test_ws2_trigger_spine" name="test_production_path_no_longer_uses_late_trigger_overlay" time="0.012" /></testsuite></testsuites>