<?xml version="1.0" encoding="utf-8"?><testsuites name="pytest tests"><testsuite name="pytest" errors="0" failures="0" skipped="0" tests="61" time="48.987" timestamp="2026-09-03T08:51:48.047119+01:00" hostname="DESKTOP-H1QMFF2"><testcase classname="tests.test_canonical_data_system.CanonicalDataSystemTests" name="test_atomic_interruption_preserves_old_payload_and_cleans_temp" time="2.061" /><testcase classname="tests.test_canonical_data_system.CanonicalDataSystemTests" name="test_atomic_store_reuses_identical_and_rejects_conflicts" time="0.495" /><testcase classname="tests.test_canonical_data_system.CanonicalDataSystemTests" name="test_cds3_discovery_publication_is_reconciled_and_idempotent" time="1.927" /><testcase classname="tests.test_canonical_data_system.CanonicalDataSystemTests" name="test_cds3_discovery_publication_rejects_unclassified_input" time="0.240" /><testcase classname="tests.test_canonical_data_system.CanonicalDataSystemTests" name="test_cds3_dropped_sentinel_cannot_reenter_or_create_request" time="0.858" /><testcase classname="tests.test_canonical_data_system.CanonicalDataSystemTests" name="test_cds3_gateway_requires_persisted_stage_worklist_when_enforced" time="1.996" /><testcase classname="tests.test_canonical_data_system.CanonicalDataSystemTests" name="test_cds3_orchestrator_shadow_publication_writes_run_report" time="3.689" /><testcase classname="tests.test_canonical_data_system.CanonicalDataSystemTests" name="test_cds3_stage_outcomes_and_join_boundary_fail_closed" time="0.314" /><testcase classname="tests.test_canonical_data_system.CanonicalDataSystemTests" name="test_feature_flags_default_off_and_parse_explicit_environment" time="0.180" /><testcase classname="tests.test_canonical_data_system.CanonicalDataSystemTests" name="test_gateway_authorised_cache_has_zero_physical_requests" time="0.905" /><testcase classname="tests.test_canonical_data_system.CanonicalDataSystemTests" name="test_gateway_cache_miss_is_not_counted_as_provider_fetch" time="0.748" /><testcase classname="tests.test_canonical_data_system.CanonicalDataSystemTests" name="test_gateway_disabled_default_and_records_denied_request" time="0.413" /><testcase classname="tests.test_canonical_data_system.CanonicalDataSystemTests" name="test_identical_dataset_is_reusable_across_runs_without_rewriting_origin" time="0.902" /><testcase classname="tests.test_canonical_data_system.CanonicalDataSystemTests" name="test_lifecycle_blocks_drop_and_requires_explicit_reactivation" time="1.196" /><testcase classname="tests.test_canonical_data_system.CanonicalDataSystemTests" name="test_lifecycle_rejects_stale_version_and_filters_worklist" time="1.253" /><testcase classname="tests.test_canonical_data_system.CanonicalDataSystemTests" name="test_parquet_promotion_checks_hash_and_is_atomic" time="0.553" /><testcase classname="tests.test_canonical_data_system.CanonicalDataSystemTests" name="test_registry_preserves_provenance_and_content_identity" time="0.470" /><testcase classname="tests.test_canonical_data_system.CanonicalDataSystemTests" name="test_registry_resolves_exact_superset_partial_and_stale_miss" time="0.717" /><testcase classname="tests.test_canonical_data_system.CanonicalDataSystemTests" name="test_registry_schema_validates_and_supports_concurrent_clients" time="1.415" /><testcase classname="tests.test_canonical_data_system.CanonicalDataSystemTests" name="test_request_ledger_separates_blocked_and_physical_requests" time="0.567" /><testcase classname="tests.test_canonical_data_system.CanonicalDataSystemTests" name="test_scope_is_normalised_hash_stable_and_supports_coverage" time="0.284" /><testcase classname="tests.test_msi_agent1_data_foundation.MarketDataContractTests" name="test_negative_size_rejected_and_crossed_exact_rejected" time="0.076" /><testcase classname="tests.test_msi_agent1_data_foundation.MarketDataContractTests" name="test_no_data_and_incompatible_parallel_array" time="0.041" /><testcase classname="tests.test_msi_agent1_data_foundation.MarketDataContractTests" name="test_scalar_and_list_shapes_normalise_to_v2" time="0.076" /><testcase classname="tests.test_msi_agent1_data_foundation.MarketDataContractTests" name="test_zero_bid_is_observed_one_sided_not_missing" time="0.034" /><testcase classname="tests.test_msi_agent1_data_foundation.IdentityAndSessionTests" name="test_compact_occ_preserves_adjusted_root" time="0.015" /><testcase classname="tests.test_msi_agent1_data_foundation.IdentityAndSessionTests" name="test_semantic_eod_and_live_freshness" time="0.011" /><testcase classname="tests.test_msi_agent1_data_foundation.IdentityAndSessionTests" name="test_xnys_dst_holiday_and_early_close" time="0.007" /><testcase classname="tests.test_msi_agent1_data_foundation.MinuteAndStructureTests" name="test_lifecycle_and_relationship_are_deterministic" time="0.011" /><testcase classname="tests.test_msi_agent1_data_foundation.MinuteAndStructureTests" name="test_minute_contract_computes_canonical_vwap" time="0.135" /><testcase classname="tests.test_msi_agent1_data_foundation.MinuteAndStructureTests" name="test_structure_is_proposed_and_advisory_only" time="0.281" /><testcase classname="tests.test_msi_agent1_data_foundation.CanonicalResolverTests" name="test_chain_fetch_is_idempotent_and_non_worklisted_is_blocked" time="2.616" /><testcase classname="tests.test_msi_agent1_data_foundation.CanonicalResolverTests" name="test_exact_quote_and_minute_partition_are_immutable_cache_hits" time="2.959" /><testcase classname="tests.test_msi_market_structure_identity" name="test_evidence_id_is_sha256_and_cross_run_content_stable" time="0.106" /><testcase classname="tests.test_msi_market_structure_identity" name="test_ordered_input_dataset_ids_change_evidence_identity" time="0.094" /><testcase classname="tests.test_msi_morning_capture" name="test_morning_capture_reuses_fetched_values_without_another_provider_client" time="0.006" /><testcase classname="tests.test_msi_morning_capture" name="test_morning_capture_records_missing_nbbo_without_fabrication" time="0.008" /><testcase classname="tests.test_msi_handoff_materializer" name="test_materializer_publishes_hash_verified_atomic_handoff" time="0.633" /><testcase classname="tests.test_msi_handoff_materializer" name="test_materializer_fails_closed_when_exact_identity_is_missing" time="0.030" /><testcase classname="tests.test_msi_handoff_materializer" name="test_materializer_never_silently_drops_duplicate_tickers" time="0.028" /><testcase classname="tests.test_msi_handoff_materializer" name="test_materializer_rejects_lab_macro_hash_drift" time="0.063" /><testcase classname="tests.test_msi_handoff_materializer" name="test_materializer_rejects_macro_reference_hash_drift" time="0.079" /><testcase classname="tests.test_msi_handoff_materializer" name="test_morning_finalizer_publishes_only_actionable_rows_when_flags_are_active" time="0.786" /><testcase classname="tests.test_msi_handoff_materializer" name="test_prior_session_quote_is_published_as_manual_requote" time="0.548" /><testcase classname="tests.test_msi_handoff_materializer" name="test_same_session_quote_retains_swing_candidate_action" time="0.607" /><testcase classname="tests.test_msi_interpreter_handoff" name="test_atomic_handoff_and_resolver_exact_identity" time="0.491" /><testcase classname="tests.test_msi_interpreter_handoff" name="test_handoff_hash_tamper_fails_closed" time="0.371" /><testcase classname="tests.test_msi_interpreter_handoff" name="test_handoff_rejects_same_ticker_with_different_contract_identity" time="0.512" /><testcase classname="tests.test_msi_interpreter_handoff" name="test_stale_bundle_returns_refresh_requirement_but_makes_no_call" time="0.589" /><testcase classname="tests.test_msi_interpreter_handoff" name="test_assessment_copies_authority_and_rejects_override" time="0.490" /><testcase classname="tests.test_msi_interpreter_handoff" name="test_overlay_cannot_replace_authority" time="0.453" /><testcase classname="tests.test_msi_interpreter_handoff" name="test_macro_packet_is_advisory_and_hash_bound" time="0.501" /><testcase classname="tests.test_msi_interpreter_handoff" name="test_stale_macro_is_visible_but_does_not_block_current_trade_evidence" time="0.548" /><testcase classname="tests.test_msi_interpreter_handoff" name="test_lab_msi_view_contains_all_approved_evidence_groups" time="0.017" /><testcase classname="tests.test_msi_interpreter_handoff" name="test_resolver_source_contains_no_provider_client_or_http_call" time="0.007" /><testcase classname="tests.test_vanguard_production_fixes" name="test_preferred_horizon_is_not_a_live_match_dimension" time="0.004" /><testcase classname="tests.test_vanguard_production_fixes" name="test_active_match_ladder_emits_forward_momentum_tier" time="0.051" /><testcase classname="tests.test_vanguard_production_fixes" name="test_continuation_fast_path_uses_recalibrated_ev_floor" time="0.006" /><testcase classname="tests.test_vanguard_production_fixes" name="test_accelerating_transition_can_upgrade_to_trade" time="0.010" /><testcase classname="tests.test_vanguard_production_fixes" name="test_options_dte_uses_recommended_hold_days_not_20d_median_days" time="0.006" /><testcase classname="tests.test_vanguard_production_fixes" name="test_adapter_preserves_trend_indicators_used_by_state_calculator" time="0.057" /></testsuite></testsuites>