<?xml version="1.0" encoding="utf-8"?><testsuites name="pytest tests"><testsuite name="pytest" errors="0" failures="0" skipped="0" tests="168" time="76.135" timestamp="2026-09-03T16:32:06.117833+01:00" hostname="DESKTOP-H1QMFF2"><testcase classname="tests.test_dynamic_session_phase0.DynamicSessionContractTests" name="test_all_new_features_are_disabled_by_default" time="0.005" /><testcase classname="tests.test_dynamic_session_phase0.DynamicSessionContractTests" name="test_authority_manifest_flags_match_code" time="0.006" /><testcase classname="tests.test_dynamic_session_phase0.DynamicSessionContractTests" name="test_authority_manifest_has_one_capital_owner" time="0.005" /><testcase classname="tests.test_dynamic_session_phase0.DynamicSessionContractTests" name="test_feature_flags_are_independently_reversible" time="0.005" /><testcase classname="tests.test_dynamic_session_phase0.DynamicSessionContractTests" name="test_phase0_vocabulary_is_complete_and_nonempty" time="0.004" /><testcase classname="tests.test_dynamic_session_phase0.DynamicSessionContractTests" name="test_shared_exchange_clock_has_required_states" time="0.005" /><testcase classname="tests.test_dynamic_session_phase0.ReleaseBaselineTests" name="test_release_manifest_takes_precedence_over_raw_capture_manifest" time="0.079" /><testcase classname="tests.test_dynamic_session_phase0.ReleaseBaselineTests" name="test_sqlite_snapshot_and_isolated_restore" time="0.121" /><testcase classname="tests.test_dynamic_session_phase1.RunPlanResolutionTests" name="test_after_hours_waits_for_provider_finalisation" time="0.055" /><testcase classname="tests.test_dynamic_session_phase1.RunPlanResolutionTests" name="test_cache_coverage_reduces_physical_request_estimate" time="0.019" /><testcase classname="tests.test_dynamic_session_phase1.RunPlanResolutionTests" name="test_closed_weekend_reuses_current_thesis_without_requests" time="0.011" /><testcase classname="tests.test_dynamic_session_phase1.RunPlanResolutionTests" name="test_current_thesis_premarket_validates_without_profile_fabrication" time="0.019" /><testcase classname="tests.test_dynamic_session_phase1.RunPlanResolutionTests" name="test_fixed_inputs_are_deterministic_and_cutoff_change_is_new_invocation" time="0.028" /><testcase classname="tests.test_dynamic_session_phase1.RunPlanResolutionTests" name="test_no_thesis_builds_from_last_completed_session" time="0.006" /><testcase classname="tests.test_dynamic_session_phase1.RunPlanResolutionTests" name="test_regular_session_adds_developing_profile" time="0.009" /><testcase classname="tests.test_dynamic_session_phase1.IdentityAndPersistenceTests" name="test_control_plane_v1_ledger_migrates_without_losing_rows" time="0.194" /><testcase classname="tests.test_dynamic_session_phase1.IdentityAndPersistenceTests" name="test_dataset_request_carries_session_cutoff_calendar_and_invocation" time="0.004" /><testcase classname="tests.test_dynamic_session_phase1.IdentityAndPersistenceTests" name="test_domain_identities_are_deterministic_and_change_with_material_input" time="0.006" /><testcase classname="tests.test_dynamic_session_phase1.IdentityAndPersistenceTests" name="test_naive_cutoff_is_rejected" time="0.004" /><testcase classname="tests.test_dynamic_session_phase1.IdentityAndPersistenceTests" name="test_plan_only_cli_has_no_filesystem_side_effect_by_default" time="7.048" /><testcase classname="tests.test_dynamic_session_phase1.IdentityAndPersistenceTests" name="test_request_ledger_persists_dynamic_request_identity" time="0.133" /><testcase classname="tests.test_dynamic_session_phase1.IdentityAndPersistenceTests" name="test_store_is_append_only_and_identical_retry_is_idempotent" time="0.068" /><testcase classname="tests.test_dynamic_session_phase2.Phase2AuthorityTests" name="test_discovery_tier_and_prior_are_macro_invariant" time="0.139" /><testcase classname="tests.test_dynamic_session_phase2.Phase2AuthorityTests" name="test_eod_tier_is_invariant_to_legacy_rr" time="0.005" /><testcase classname="tests.test_dynamic_session_phase2.Phase2AuthorityTests" name="test_execution_gate_no_longer_uses_scenario_monetisability" time="0.006" /><testcase classname="tests.test_dynamic_session_phase2.Phase2AuthorityTests" name="test_execution_viability_excludes_scenario_economics" time="0.006" /><testcase classname="tests.test_dynamic_session_phase2.Phase2AuthorityTests" name="test_frozen_thesis_guard_allows_annotation_and_rejects_mutation" time="0.004" /><testcase classname="tests.test_dynamic_session_phase2.Phase2AuthorityTests" name="test_horizon_routes_without_macro_and_macro_cannot_change_result" time="0.044" /><testcase classname="tests.test_dynamic_session_phase2.Phase2AuthorityTests" name="test_interpreter_production_path_is_manifest_only" time="0.013" /><testcase classname="tests.test_dynamic_session_phase2.Phase2AuthorityTests" name="test_lab_fallback_is_fail_closed" time="0.009" /><testcase classname="tests.test_dynamic_session_phase2.Phase2AuthorityTests" name="test_macro_snapshot_cannot_change_discovery_thresholds" time="0.077" /><testcase classname="tests.test_dynamic_session_phase2.Phase2AuthorityTests" name="test_morning_does_not_fabricate_zero_quote_age" time="0.011" /><testcase classname="tests.test_dynamic_session_phase2.Phase2AuthorityTests" name="test_options_verdict_is_invariant_to_legacy_rr" time="0.005" /><testcase classname="tests.test_dynamic_session_phase2.Phase2AuthorityTests" name="test_quote_age_is_measured_not_fabricated" time="0.004" /><testcase classname="tests.test_dynamic_session_phase2.Phase2AuthorityTests" name="test_quote_spread_has_one_mid_denominator" time="0.008" /><testcase classname="tests.test_dynamic_session_phase2.Phase2AuthorityTests" name="test_vanguard_quant_regime_is_independent_of_macro_payload" time="0.004" /><testcase classname="tests.test_dynamic_session_phase3.FramePreservingAdapterTests" name="test_marketdata_mismatched_arrays_fail_closed" time="0.005" /><testcase classname="tests.test_dynamic_session_phase3.FramePreservingAdapterTests" name="test_marketdata_parallel_arrays_preserve_every_candle_and_time_domain" time="0.048" /><testcase classname="tests.test_dynamic_session_phase3.CoverageAndPlanningTests" name="test_interval_has_distinct_canonical_schema" time="0.005" /><testcase classname="tests.test_dynamic_session_phase3.CoverageAndPlanningTests" name="test_missing_ranges_coalesce_contiguous_only_and_respect_request_limit" time="0.009" /><testcase classname="tests.test_dynamic_session_phase3.CoverageAndPlanningTests" name="test_quality_exposes_duplicates_gaps_and_out_of_scope_rows" time="0.030" /><testcase classname="tests.test_dynamic_session_phase3.CoverageAndPlanningTests" name="test_regular_and_early_close_counts_are_calendar_derived" time="0.011" /><testcase classname="tests.test_dynamic_session_phase3.CanonicalResolverPhase3Tests" name="test_batch_blocks_inactive_and_isolates_provider_failure" time="2.382" /><testcase classname="tests.test_dynamic_session_phase3.CanonicalResolverPhase3Tests" name="test_developing_cutoff_defers_future_without_requesting_it" time="1.236" /><testcase classname="tests.test_dynamic_session_phase3.CanonicalResolverPhase3Tests" name="test_exact_cache_reuse_makes_zero_second_provider_calls" time="1.449" /><testcase classname="tests.test_dynamic_session_phase3.CanonicalResolverPhase3Tests" name="test_partial_cache_fetches_only_newly_observable_range" time="1.627" /><testcase classname="tests.test_dynamic_session_phase4" name="test_profile_cadence_is_truthful_and_deterministic" time="0.121" /><testcase classname="tests.test_dynamic_session_phase4" name="test_governed_short_frame_is_null_not_zero" time="0.030" /><testcase classname="tests.test_dynamic_session_phase4" name="test_profile_evidence_is_advisory_and_restart_deterministic" time="0.101" /><testcase classname="tests.test_dynamic_session_phase4" name="test_incomplete_evidence_is_not_usable" time="0.047" /><testcase classname="tests.test_dynamic_session_phase4" name="test_vanguard_fails_safe_without_governed_profile" time="0.013" /><testcase classname="tests.test_dynamic_session_phase4" name="test_vanguard_consumes_governed_profile_without_granting_readiness" time="0.054" /><testcase classname="tests.test_dynamic_session_phase4" name="test_completed_profile_stage_persists_and_reuses_cache" time="1.949" /><testcase classname="tests.test_dynamic_session_phase4" name="test_completed_profile_stage_isolates_ticker_and_flags_systemic_failure" time="1.367" /><testcase classname="tests.test_dynamic_session_phase4" name="test_build_thesis_orders_stages_and_restart_reuses_receipt" time="0.069" /><testcase classname="tests.test_dynamic_session_phase4" name="test_build_thesis_rejects_non_build_plan_and_population_inflation" time="0.008" /><testcase classname="tests.test_dynamic_session_phase5" name="test_underlying_invalidation_stops_all_later_acquisition" time="0.005" /><testcase classname="tests.test_dynamic_session_phase5" name="test_premarket_uses_underlying_and_option_but_never_fabricates_profile" time="0.006" /><testcase classname="tests.test_dynamic_session_phase5" name="test_regular_session_fetches_profile_only_after_underlying_survives" time="0.005" /><testcase classname="tests.test_dynamic_session_phase5" name="test_directional_geometry_is_symmetric[CALL-107.0-ENTRY_RUNWAY_EXHAUSTED]" time="0.007" /><testcase classname="tests.test_dynamic_session_phase5" name="test_directional_geometry_is_symmetric[PUT-93.0-ENTRY_RUNWAY_EXHAUSTED]" time="0.007" /><testcase classname="tests.test_dynamic_session_phase5" name="test_directional_geometry_is_symmetric[PUT-106.0-THESIS_INVALIDATED]" time="0.008" /><testcase classname="tests.test_dynamic_session_phase5" name="test_directional_geometry_is_symmetric[PUT-98.0-THESIS_CONFIRMED]" time="0.006" /><testcase classname="tests.test_dynamic_session_phase5" name="test_missing_underlying_defers_without_option_call" time="0.005" /><testcase classname="tests.test_dynamic_session_phase5" name="test_option_and_advisory_profile_failures_are_isolated" time="0.005" /><testcase classname="tests.test_dynamic_session_phase5" name="test_validation_batch_reports_provider_outage_without_losing_good_event" time="0.005" /><testcase classname="tests.test_dynamic_session_phase5" name="test_validation_event_persistence_is_immutable" time="0.078" /><testcase classname="tests.test_dynamic_session_phase5" name="test_morning_profile_evidence_is_written_to_result_row" time="0.007" /><testcase classname="tests.test_dynamic_session_phase5" name="test_premarket_profile_state_makes_zero_bar_resolver_calls" time="0.003" /><testcase classname="tests.test_dynamic_session_phase6" name="test_resolver_uses_governed_pointer_and_explicit_session" time="0.142" /><testcase classname="tests.test_dynamic_session_phase6" name="test_resolver_rejects_mixed_completed_sessions" time="0.052" /><testcase classname="tests.test_dynamic_session_phase6" name="test_resolver_ignores_unaccepted_run" time="0.081" /><testcase classname="tests.test_dynamic_session_phase6" name="test_cli_compatibility_switches_have_one_action" time="0.004" /><testcase classname="tests.test_dynamic_session_phase6" name="test_plan_preview_is_read_only_and_current_closed_thesis_is_reused" time="0.058" /><testcase classname="tests.test_dynamic_session_phase6" name="test_after_hours_old_thesis_waits_then_finalises_without_overwrite" time="0.078" /><testcase classname="tests.test_dynamic_session_phase6" name="test_explicit_morning_retains_selected_run_identity" time="0.069" /><testcase classname="tests.test_dynamic_session_phase6" name="test_plan_persistence_precedes_execution_and_is_idempotent" time="0.132" /><testcase classname="tests.test_dynamic_session_phase6" name="test_dispatch_executes_only_resolved_callback" time="0.005" /><testcase classname="tests.test_dynamic_session_phase6" name="test_operator_summary_exposes_action_cost_and_authority" time="0.074" /><testcase classname="tests.test_dynamic_session_phase7" name="test_ledger_is_idempotent_append_only_and_returns_latest_validation" time="0.147" /><testcase classname="tests.test_dynamic_session_phase7" name="test_candidate_ledger_records_accepted_and_rejected_rows" time="0.014" /><testcase classname="tests.test_dynamic_session_phase7" name="test_validation_file_and_ledger_are_both_idempotent" time="0.128" /><testcase classname="tests.test_dynamic_session_phase7" name="test_materializer_publishes_frozen_and_current_axes_with_exact_identity" time="0.367" /><testcase classname="tests.test_dynamic_session_phase7" name="test_materializer_fails_closed_on_missing_or_mismatched_validation" time="0.026" /><testcase classname="tests.test_dynamic_session_phase7" name="test_interpreter_resolver_exposes_axes_without_provider_calls" time="0.365" /><testcase classname="tests.test_dynamic_session_phase7" name="test_validation_event_change_changes_bundle_identity" time="0.795" /><testcase classname="tests.test_dynamic_session_phase8" name="test_fixed_cutoff_matrix_is_deterministic[instant0-CLOSED-AUTO-False]" time="0.008" /><testcase classname="tests.test_dynamic_session_phase8" name="test_fixed_cutoff_matrix_is_deterministic[instant1-PREMARKET-VALIDATE-False]" time="0.007" /><testcase classname="tests.test_dynamic_session_phase8" name="test_fixed_cutoff_matrix_is_deterministic[instant2-REGULAR-VALIDATE-True]" time="0.009" /><testcase classname="tests.test_dynamic_session_phase8" name="test_fixed_cutoff_matrix_is_deterministic[instant3-AFTER_HOURS-VALIDATE-False]" time="0.010" /><testcase classname="tests.test_dynamic_session_phase8" name="test_fixed_cutoff_matrix_is_deterministic[instant4-CLOSED-BUILD_THESIS-False]" time="0.007" /><testcase classname="tests.test_dynamic_session_phase8" name="test_after_hours_provider_confirmation_is_required_for_finalisation" time="0.005" /><testcase classname="tests.test_dynamic_session_phase8" name="test_exact_cache_hit_means_zero_requests_and_partial_fetches_missing_only" time="0.007" /><testcase classname="tests.test_dynamic_session_phase8" name="test_replay_has_no_provider_requirements_or_capital_authority" time="0.022" /><testcase classname="tests.test_dynamic_session_phase8" name="test_release_is_only_live_ready_when_offline_gates_pass" time="0.145" /><testcase classname="tests.test_dynamic_session_phase8" name="test_complete_hash_bound_evidence_allows_staged_promotion" time="0.158" /><testcase classname="tests.test_dynamic_session_phase8" name="test_missing_or_changed_release_artifact_fails_closed" time="0.158" /><testcase classname="tests.test_dynamic_session_phase8" name="test_release_evidence_roundtrip_and_atomic_assessment" time="0.218" /><testcase classname="tests.test_dynamic_session_phase8" name="test_dynamic_features_remain_disabled_until_controlled_promotion" time="0.004" /><testcase classname="tests.test_dynamic_session_phase8" name="test_restore_verify_cli_returns_success_for_a_passed_verification" time="0.022" /><testcase classname="tests.test_morning_handoff_finalizer.MorningHandoffFinalizerTests" name="test_both_entrypoints_use_shared_mandatory_finalizer" time="0.030" /><testcase classname="tests.test_morning_handoff_finalizer.MorningHandoffFinalizerTests" name="test_completed_run_reconciles_and_syncs_required_artifacts" time="0.522" /><testcase classname="tests.test_morning_handoff_finalizer.MorningHandoffFinalizerTests" name="test_deferred_sync_publishes_only_after_explicit_release" time="0.529" /><testcase classname="tests.test_morning_handoff_finalizer.MorningHandoffFinalizerTests" name="test_final_opportunity_book_routes_to_pipeline_outputs" time="0.016" /><testcase classname="tests.test_morning_handoff_finalizer.MorningHandoffFinalizerTests" name="test_handoff_fails_closed_when_lab_loses_morning_authority" time="0.229" /><testcase classname="tests.test_morning_handoff_finalizer.MorningHandoffFinalizerTests" name="test_handoff_fails_when_lab_promotes_contract_repair_to_go" time="0.206" /><testcase classname="tests.test_morning_handoff_finalizer.MorningHandoffFinalizerTests" name="test_known_false_promotions_are_detected_by_exact_reconciliation" time="0.008" /><testcase classname="tests.test_morning_handoff_finalizer.MorningHandoffFinalizerTests" name="test_recovery_requires_existing_morning_csv" time="0.016" /><testcase classname="tests.test_morning_handoff_finalizer.MorningHandoffFinalizerTests" name="test_sync_survives_pipeline_interpreter_module_directory_collision" time="0.101" /><testcase classname="tests.test_lab_governed_handoff" name="test_alternative_contract_is_not_promoted_to_selected_contract" time="0.227" /><testcase classname="tests.test_lab_governed_handoff" name="test_trigger_quality_never_falls_back_to_numeric_trigger_score" time="0.422" /><testcase classname="tests.test_lab_governed_handoff" name="test_lab_blocks_actionable_row_without_governed_direction_lineage" time="0.228" /><testcase classname="tests.test_lab_governed_handoff" name="test_governed_book_preserves_owned_ev3_trigger_spread_and_garch_fields" time="0.435" /><testcase classname="tests.test_lab_governed_handoff" name="test_cross_contract_ev_is_fail_closed_and_never_populates_selected_contract_ev" time="0.248" /><testcase classname="tests.test_lab_governed_handoff" name="test_exact_contract_ev_and_monetisability_share_one_governed_evaluation_identity" time="0.220" /><testcase classname="tests.test_lab_governed_handoff" name="test_post_merge_rejects_rr_and_quote_fields_from_a_different_contract" time="0.281" /><testcase classname="tests.test_lab_governed_handoff" name="test_legacy_repaired_contract_cannot_inherit_unidentified_rr" time="0.199" /><testcase classname="tests.test_lab_governed_handoff" name="test_browser_prefers_governed_book_and_keeps_governed_fields" time="1.288" /><testcase classname="tests.test_lab_governed_handoff" name="test_governed_projection_supplies_display_aliases_without_granting_eod_entry" time="0.107" /><testcase classname="tests.test_lab_governed_handoff" name="test_post_merge_materialization_recovers_owned_lab_fields" time="0.353" /><testcase classname="tests.test_lab_governed_handoff" name="test_governed_materializer_corrects_legacy_put_wbs_missing_pcr_bonus" time="0.275" /><testcase classname="tests.test_lab_governed_handoff" name="test_copied_wbs_fields_do_not_make_unscored_candidate_look_scored" time="0.282" /><testcase classname="tests.test_lab_governed_handoff" name="test_ui_has_no_synthetic_call_default_and_ev_is_advisory_only" time="0.011" /><testcase classname="tests.test_pipeline_interpreter_lab_authority" name="test_lab_and_morning_authority_contract" time="0.003" /><testcase classname="tests.test_pipeline_interpreter_lab_authority" name="test_interpreter_does_not_create_a_second_ev_or_rr_gate" time="0.003" /><testcase classname="tests.test_pipeline_interpreter_lab_authority" name="test_retired_commands_do_not_create_second_data_or_validation_authority" time="0.005" /><testcase classname="tests.test_morning_gate_authority" name="test_go_is_validation_only_and_never_live_authority" time="0.012" /><testcase classname="tests.test_morning_gate_authority" name="test_legacy_nonfinal_source_cannot_reach_morning_go" time="0.007" /><testcase classname="tests.test_morning_gate_authority" name="test_not_authorized_or_watch_only_can_never_upgrade" time="0.010" /><testcase classname="tests.test_morning_gate_authority" name="test_macro_no_go_is_advisory_and_cannot_deny_trade_authority" time="0.005" /><testcase classname="tests.test_morning_gate_authority" name="test_missing_evening_regime_is_diagnostic_not_a_trade_gate" time="0.006" /><testcase classname="tests.test_morning_gate_authority" name="test_macro_sector_rotation_is_direction_aware_and_advisory" time="0.014" /><testcase classname="tests.test_morning_gate_authority" name="test_bond_macro_is_advisory_and_cannot_deny_trade_authority" time="0.006" /><testcase classname="tests.test_morning_gate_authority" name="test_legacy_non_positive_rr_has_no_capital_authority" time="0.005" /><testcase classname="tests.test_morning_gate_authority" name="test_scenario_not_monetisable_is_advisory_when_execution_quote_is_viable" time="0.007" /><testcase classname="tests.test_morning_gate_authority" name="test_legacy_ev_status_is_advisory_when_premium_rr_is_positive" time="0.007" /><testcase classname="tests.test_morning_gate_authority" name="test_ev3_negative_and_positive_states_are_both_advisory" time="0.009" /><testcase classname="tests.test_morning_gate_authority" name="test_options_blocked_route_is_absorbing" time="0.008" /><testcase classname="tests.test_morning_gate_authority" name="test_zero_score_comparisons_are_not_integrity_pass" time="0.022" /><testcase classname="tests.test_morning_gate_authority" name="test_governed_spread_policy_separates_execute_review_and_block" time="0.012" /><testcase classname="tests.test_morning_gate_authority" name="test_non_long_single_strategy_is_research_only" time="0.005" /><testcase classname="tests.test_morning_gate_authority" name="test_morning_handoff_score_integrity_compares_completed_rows" time="0.003" /><testcase classname="tests.test_morning_gate_authority" name="test_morning_handoff_score_integrity_fails_when_a_ticker_disappears" time="0.003" /><testcase classname="tests.test_morning_gate_authority" name="test_post_lab_score_integrity_reads_preserved_source_payload" time="0.033" /><testcase classname="tests.test_morning_gate_authority" name="test_morning_closure_updates_manifest_without_live_authority" time="0.209" /><testcase classname="tests.test_morning_gate_authority" name="test_passing_morning_integrity_clears_prior_not_evaluated_flag" time="0.133" /><testcase classname="tests.test_direction_governance_contract" name="test_options_intelligence_direct_launch_resolves_repository_packages" time="14.226" /><testcase classname="tests.test_direction_governance_contract" name="test_discovery_ambiguity_never_defaults_to_call" time="0.003" /><testcase classname="tests.test_direction_governance_contract" name="test_structural_direction_table_is_closed_and_symmetric" time="0.003" /><testcase classname="tests.test_direction_governance_contract" name="test_non_directional_resolution_requires_two_independent_families" time="0.004" /><testcase classname="tests.test_direction_governance_contract" name="test_resolution_policy_is_mirror_symmetric" time="0.004" /><testcase classname="tests.test_direction_governance_contract" name="test_confirmed_structure_cannot_be_overwritten_by_other_evidence" time="0.005" /><testcase classname="tests.test_direction_governance_contract" name="test_no_catalyst_placeholder_bias_is_not_resolution_evidence" time="0.004" /><testcase classname="tests.test_direction_governance_contract" name="test_catalyst_direction_without_independent_provenance_is_excluded" time="0.006" /><testcase classname="tests.test_direction_governance_contract" name="test_direction_record_hash_and_flat_fields_are_enforced" time="0.004" /><testcase classname="tests.test_direction_governance_contract" name="test_options_success_and_stand_down_handoffs_both_publish_direction_lineage" time="0.013" /><testcase classname="tests.test_direction_governance_contract" name="test_direction_record_enforces_target_invalidation_and_contract_side" time="0.004" /><testcase classname="tests.test_direction_governance_contract" name="test_options_stage_leaves_wait_unresolved_without_contract_strategy" time="0.009" /><testcase classname="tests.test_direction_governance_contract" name="test_unresolved_direction_suppresses_option_chain_request" time="0.013" /><testcase classname="tests.test_direction_governance_contract" name="test_eod_consumes_gdr_and_invalidates_wrong_side_contract" time="0.004" /><testcase classname="tests.test_direction_governance_contract" name="test_execution_gate_blocks_invalid_direction_before_monetisability" time="0.005" /><testcase classname="tests.test_direction_governance_contract" name="test_morning_gate_routes_unresolved_direction_to_stand_down" time="0.004" /><testcase classname="tests.test_direction_governance_contract" name="test_contract_version_is_explicit" time="0.004" /><testcase classname="tests.test_governed_states" name="test_cross_stage_data_state_vocabulary_is_unique_and_stable" time="0.003" /><testcase classname="tests.test_governed_states" name="test_lifecycle_non_directional_and_correction_states_are_canonical" time="0.003" /></testsuite></testsuites>